Log file open, 07/15/21 12:58:46
LogInit: Display: Running engine for game: ToonTanks
LogPlatformFile: Not using cached read wrapper
LogTaskGraph: Started task graph with 5 named threads and 59 total threads with 3 sets of task threads.
LogStats: Stats thread started at 0.148535
LogD3D11RHI: Loaded GFSDK_Aftermath_Lib.x64.dll
LogICUInternationalization: ICU TimeZone Detection - Raw Offset: -8:00, Platform Override: ''
LogPluginManager: Mounting plugin Paper2D
LogPluginManager: Mounting plugin AISupport
LogPluginManager: Mounting plugin LightPropagationVolume
LogPluginManager: Mounting plugin CameraShakePreviewer
LogPluginManager: Mounting plugin ActorLayerUtilities
LogPluginManager: Mounting plugin AnimationSharing
LogPluginManager: Mounting plugin CLionSourceCodeAccess
LogPluginManager: Mounting plugin CodeLiteSourceCodeAccess
LogPluginManager: Mounting plugin GitSourceControl
LogPluginManager: Mounting plugin KDevelopSourceCodeAccess
LogPluginManager: Mounting plugin NullSourceCodeAccess
LogPluginManager: Mounting plugin PerforceSourceControl
LogPluginManager: Mounting plugin PlasticSourceControl
LogPluginManager: Mounting plugin RiderSourceCodeAccess
LogPluginManager: Mounting plugin SubversionSourceControl
LogPluginManager: Mounting plugin UObjectPlugin
LogPluginManager: Mounting plugin VisualStudioCodeSourceCodeAccess
LogPluginManager: Mounting plugin VisualStudioSourceCodeAccess
LogPluginManager: Mounting plugin XCodeSourceCodeAccess
LogPluginManager: Mounting plugin AssetManagerEditor
LogPluginManager: Mounting plugin CryptoKeys
LogPluginManager: Mounting plugin CurveEditorTools
LogPluginManager: Mounting plugin DataValidation
LogPluginManager: Mounting plugin EditorScriptingUtilities
LogPluginManager: Mounting plugin FacialAnimation
LogPluginManager: Mounting plugin GameplayTagsEditor
LogPluginManager: Mounting plugin GeometryMode
LogPluginManager: Mounting plugin MacGraphicsSwitching
LogPluginManager: Mounting plugin MaterialAnalyzer
LogPluginManager: Mounting plugin MobileLauncherProfileWizard
LogPluginManager: Mounting plugin PluginBrowser
LogPluginManager: Mounting plugin SpeedTreeImporter
LogPluginManager: Mounting plugin DatasmithContent
LogPluginManager: Mounting plugin VariantManagerContent
LogPluginManager: Mounting plugin AlembicImporter
LogPluginManager: Mounting plugin AutomationUtils
LogPluginManager: Mounting plugin BackChannel
LogPluginManager: Mounting plugin ChaosCloth
LogPluginManager: Mounting plugin ChaosClothEditor
LogPluginManager: Mounting plugin ChaosEditor
LogPluginManager: Mounting plugin ChaosNiagara
LogPluginManager: Mounting plugin ChaosSolverPlugin
LogPluginManager: Mounting plugin CharacterAI
LogPluginManager: Mounting plugin GeometryCache
LogPluginManager: Mounting plugin GeometryCollectionPlugin
LogPluginManager: Mounting plugin GeometryProcessing
LogPluginManager: Mounting plugin PlanarCut
LogPluginManager: Mounting plugin PlatformCrypto
LogPluginManager: Mounting plugin ProxyLODPlugin
LogPluginManager: Mounting plugin SkeletalReduction
LogPluginManager: Mounting plugin Niagara
LogPluginManager: Mounting plugin MagicLeap
LogPluginManager: Mounting plugin MagicLeapLightEstimation
LogPluginManager: Mounting plugin MagicLeapMedia
LogPluginManager: Mounting plugin MagicLeapPassableWorld
LogPluginManager: Mounting plugin MLSDK
LogPluginManager: Mounting plugin AndroidMedia
LogPluginManager: Mounting plugin AvfMedia
LogPluginManager: Mounting plugin ImgMedia
LogPluginManager: Mounting plugin MediaCompositing
LogPluginManager: Mounting plugin MediaPlayerEditor
LogPluginManager: Mounting plugin WebMMedia
LogPluginManager: Mounting plugin WmfMedia
LogPluginManager: Mounting plugin MeshPainting
LogPluginManager: Mounting plugin TcpMessaging
LogPluginManager: Mounting plugin UdpMessaging
LogPluginManager: Mounting plugin ActorSequence
LogPluginManager: Mounting plugin LevelSequenceEditor
LogPluginManager: Mounting plugin MatineeToLevelSequence
LogPluginManager: Mounting plugin MovieRenderPipeline
LogPluginManager: Mounting plugin TemplateSequence
LogPluginManager: Mounting plugin NetcodeUnitTest
LogPluginManager: Mounting plugin NUTUnrealEngine4
LogPluginManager: Mounting plugin OnlineSubsystemGooglePlay
LogPluginManager: Mounting plugin OnlineSubsystemIOS
LogPluginManager: Mounting plugin OnlineSubsystem
LogPluginManager: Mounting plugin OnlineSubsystemNull
LogPluginManager: Mounting plugin OnlineSubsystemUtils
LogPluginManager: Mounting plugin LauncherChunkInstaller
LogPluginManager: Mounting plugin AndroidDeviceProfileSelector
LogPluginManager: Mounting plugin AndroidMoviePlayer
LogPluginManager: Mounting plugin AndroidPermission
LogPluginManager: Mounting plugin AppleImageUtils
LogPluginManager: Mounting plugin AppleMoviePlayer
LogPluginManager: Mounting plugin ArchVisCharacter
LogPluginManager: Mounting plugin AssetTags
LogPluginManager: Mounting plugin AudioCapture
LogPluginManager: Mounting plugin CableComponent
LogPluginManager: Mounting plugin CustomMeshComponent
LogPluginManager: Mounting plugin EditableMesh
LogPluginManager: Mounting plugin ExampleDeviceProfileSelector
LogPluginManager: Mounting plugin GoogleCloudMessaging
LogPluginManager: Mounting plugin GooglePAD
LogPluginManager: Mounting plugin IOSDeviceProfileSelector
LogPluginManager: Mounting plugin LinuxDeviceProfileSelector
LogPluginManager: Mounting plugin LocationServicesBPLibrary
LogPluginManager: Mounting plugin MobilePatchingUtils
LogPluginManager: Mounting plugin OculusVR
LogPluginManager: Mounting plugin PhysXVehicles
LogPluginManager: Mounting plugin PostSplashScreen
LogPluginManager: Mounting plugin ProceduralMeshComponent
LogPluginManager: Mounting plugin RuntimePhysXCooking
LogPluginManager: Mounting plugin SignificanceManager
LogPluginManager: Mounting plugin SoundFields
LogPluginManager: Mounting plugin SteamVR
LogPluginManager: Mounting plugin Synthesis
LogPluginManager: Mounting plugin WebMMoviePlayer
LogPluginManager: Mounting plugin WindowsMoviePlayer
LogPluginManager: Mounting plugin ScreenshotTools
LogInit: Using libcurl 7.55.1-DEV
LogInit:  - built for x86_64-pc-win32
LogInit:  - supports SSL with OpenSSL/1.1.1
LogInit:  - supports HTTP deflate (compression) using libz 1.2.8
LogInit:  - other features:
LogInit:      CURL_VERSION_SSL
LogInit:      CURL_VERSION_LIBZ
LogInit:      CURL_VERSION_IPV6
LogInit:      CURL_VERSION_ASYNCHDNS
LogInit:      CURL_VERSION_LARGEFILE
LogInit:      CURL_VERSION_IDN
LogInit:  CurlRequestOptions (configurable via config and command line):
LogInit:  - bVerifyPeer = true  - Libcurl will verify peer certificate
LogInit:  - bUseHttpProxy = false  - Libcurl will NOT use HTTP proxy
LogInit:  - bDontReuseConnections = false  - Libcurl will reuse connections
LogInit:  - MaxHostConnections = 16  - Libcurl will limit the number of connections to a host
LogInit:  - LocalHostAddr = Default
LogInit:  - BufferSize = 65536
LogOnline: OSS: Creating online subsystem instance for: NULL
LogInit: WinSock: version 1.1 (2.2), MaxSocks=32767, MaxUdp=65467
LogOnline: OSS: TryLoadSubsystemAndSetDefault: Loaded subsystem for module [NULL]
LogInit: Build: ++UE4+Release-4.25-CL-14469661
LogInit: Engine Version: 4.25.4-14469661+++UE4+Release-4.25
LogInit: Compatible Engine Version: 4.25.0-13144385+++UE4+Release-4.25
LogInit: Net CL: 13144385
LogInit: OS: Windows 10 (Release 2009) (), CPU: Intel(R) Core(TM) i9-10900K CPU @ 3.70GHz, GPU: NVIDIA GeForce RTX 2070 SUPER
LogInit: Compiled (64-bit): Oct 11 2020 08:10:49
LogInit: Compiled with Visual C++: 19.24.28315.00
LogInit: Build Configuration: Development
LogInit: Branch Name: ++UE4+Release-4.25
LogInit: Command Line: 
LogInit: Base Directory: C:/Program Files/Epic Games/UE_4.25/Engine/Binaries/Win64/
LogInit: Allocator: TBB
LogInit: Installed Engine Build: 1
LogDevObjectVersion: Number of dev versions registered: 26
LogDevObjectVersion:   Dev-Blueprints (B0D832E4-1F89-4F0D-ACCF-7EB736FD4AA2): 10
LogDevObjectVersion:   Dev-Build (E1C64328-A22C-4D53-A36C-8E866417BD8C): 0
LogDevObjectVersion:   Dev-Core (375EC13C-06E4-48FB-B500-84F0262A717E): 4
LogDevObjectVersion:   Dev-Editor (E4B068ED-F494-42E9-A231-DA0B2E46BB41): 38
LogDevObjectVersion:   Dev-Framework (CFFC743F-43B0-4480-9391-14DF171D2073): 37
LogDevObjectVersion:   Dev-Mobile (B02B49B5-BB20-44E9-A304-32B752E40360): 2
LogDevObjectVersion:   Dev-Networking (A4E4105C-59A1-49B5-A7C5-40C4547EDFEE): 0
LogDevObjectVersion:   Dev-Online (39C831C9-5AE6-47DC-9A44-9C173E1C8E7C): 0
LogDevObjectVersion:   Dev-Physics (78F01B33-EBEA-4F98-B9B4-84EACCB95AA2): 4
LogDevObjectVersion:   Dev-Platform (6631380F-2D4D-43E0-8009-CF276956A95A): 0
LogDevObjectVersion:   Dev-Rendering (12F88B9F-8875-4AFC-A67C-D90C383ABD29): 43
LogDevObjectVersion:   Dev-Sequencer (7B5AE74C-D270-4C10-A958-57980B212A5A): 12
LogDevObjectVersion:   Dev-VR (D7296918-1DD6-4BDD-9DE2-64A83CC13884): 3
LogDevObjectVersion:   Dev-LoadTimes (C2A15278-BFE7-4AFE-6C17-90FF531DF755): 1
LogDevObjectVersion:   Private-Geometry (6EACA3D4-40EC-4CC1-B786-8BED09428FC5): 3
LogDevObjectVersion:   Dev-AnimPhys (29E575DD-E0A3-4627-9D10-D276232CDCEA): 17
LogDevObjectVersion:   Dev-Anim (AF43A65D-7FD3-4947-9873-3E8ED9C1BB05): 7
LogDevObjectVersion:   Dev-ReflectionCapture (6B266CEC-1EC7-4B8F-A30B-E4D90942FC07): 1
LogDevObjectVersion:   Dev-Automation (0DF73D61-A23F-47EA-B727-89E90C41499A): 1
LogDevObjectVersion:   FortniteMain (601D1886-AC64-4F84-AA16-D3DE0DEAC7D6): 31
LogDevObjectVersion:   Dev-Enterprise (9DFFBCD6-494F-0158-E221-12823C92A888): 10
LogDevObjectVersion:   Dev-Niagara (F2AED0AC-9AFE-416F-8664-AA7FFA26D6FC): 1
LogDevObjectVersion:   Dev-Destruction (174F1F0B-B4C6-45A5-B13F-2EE8D0FB917D): 10
LogDevObjectVersion:   Dev-Physics-Ext (35F94A83-E258-406C-A318-09F59610247C): 37
LogDevObjectVersion:   Dev-PhysicsMaterial-Chaos (B68FC16E-8B1B-42E2-B453-215C058844FE): 1
LogDevObjectVersion:   Dev-CineCamera (B2E18506-4273-CFC2-A54E-F4BB758BBA07): 1
LogInit: Presizing for max 25165824 objects, including 0 objects not considered by GC, pre-allocating 0 bytes for permanent pool.
LogConfig: Applying CVar settings from Section [/Script/Engine.StreamingSettings] File [C:/Users/jgodi/OneDrive/Desktop/UnrealGames/ToonTanksProjectSetup_4.25 (1)/ToonTanksProjectSetup_4.25/ToonTanksProjectSetup_4.25/ToonTanks/Saved/Config/Windows/Engine.ini]
LogConfig: Setting CVar [[s.MinBulkDataSizeForAsyncLoading:131072]]
LogConfig: Setting CVar [[s.AsyncLoadingThreadEnabled:0]]
LogConfig: Setting CVar [[s.EventDrivenLoaderEnabled:1]]
LogConfig: Setting CVar [[s.WarnIfTimeLimitExceeded:0]]
LogConfig: Setting CVar [[s.TimeLimitExceededMultiplier:1.5]]
LogConfig: Setting CVar [[s.TimeLimitExceededMinTime:0.005]]
LogConfig: Setting CVar [[s.UseBackgroundLevelStreaming:1]]
LogConfig: Setting CVar [[s.PriorityAsyncLoadingExtraTime:15.0]]
LogConfig: Setting CVar [[s.LevelStreamingActorsUpdateTimeLimit:5.0]]
LogConfig: Setting CVar [[s.PriorityLevelStreamingActorsUpdateExtraTime:5.0]]
LogConfig: Setting CVar [[s.LevelStreamingComponentsRegistrationGranularity:10]]
LogConfig: Setting CVar [[s.UnregisterComponentsTimeLimit:1.0]]
LogConfig: Setting CVar [[s.LevelStreamingComponentsUnregistrationGranularity:5]]
LogConfig: Setting CVar [[s.FlushStreamingOnExit:1]]
LogInit: Object subsystem initialized
LogConfig: Setting CVar [[con.DebugEarlyDefault:1]]
LogConfig: Setting CVar [[r.setres:1280x720]]
[2021.07.15-19.58.47:092][  0]LogConfig: Setting CVar [[r.VSync:0]]
[2021.07.15-19.58.47:092][  0]LogConfig: Setting CVar [[r.RHICmdBypass:0]]
[2021.07.15-19.58.47:092][  0]LogConfig: Applying CVar settings from Section [/Script/Engine.RendererSettings] File [C:/Users/jgodi/OneDrive/Desktop/UnrealGames/ToonTanksProjectSetup_4.25 (1)/ToonTanksProjectSetup_4.25/ToonTanksProjectSetup_4.25/ToonTanks/Saved/Config/Windows/Engine.ini]
[2021.07.15-19.58.47:092][  0]LogConfig: Setting CVar [[r.GPUCrashDebugging:0]]
[2021.07.15-19.58.47:092][  0]LogConfig: Setting CVar [[r.DefaultFeature.AutoExposure.ExtendDefaultLuminanceRange:1]]
[2021.07.15-19.58.47:092][  0]LogConfig: Setting CVar [[r.DefaultFeature.AutoExposure:0]]
[2021.07.15-19.58.47:092][  0]LogConfig: Applying CVar settings from Section [/Script/Engine.RendererOverrideSettings] File [C:/Users/jgodi/OneDrive/Desktop/UnrealGames/ToonTanksProjectSetup_4.25 (1)/ToonTanksProjectSetup_4.25/ToonTanksProjectSetup_4.25/ToonTanks/Saved/Config/Windows/Engine.ini]
[2021.07.15-19.58.47:092][  0]LogConfig: Applying CVar settings from Section [/Script/Engine.StreamingSettings] File [C:/Users/jgodi/OneDrive/Desktop/UnrealGames/ToonTanksProjectSetup_4.25 (1)/ToonTanksProjectSetup_4.25/ToonTanksProjectSetup_4.25/ToonTanks/Saved/Config/Windows/Engine.ini]
[2021.07.15-19.58.47:092][  0]LogConfig: Setting CVar [[s.MinBulkDataSizeForAsyncLoading:131072]]
[2021.07.15-19.58.47:092][  0]LogConfig: Setting CVar [[s.AsyncLoadingThreadEnabled:0]]
[2021.07.15-19.58.47:092][  0]LogConfig: Setting CVar [[s.EventDrivenLoaderEnabled:1]]
[2021.07.15-19.58.47:092][  0]LogConfig: Setting CVar [[s.WarnIfTimeLimitExceeded:0]]
[2021.07.15-19.58.47:092][  0]LogConfig: Setting CVar [[s.TimeLimitExceededMultiplier:1.5]]
[2021.07.15-19.58.47:092][  0]LogConfig: Setting CVar [[s.TimeLimitExceededMinTime:0.005]]
[2021.07.15-19.58.47:092][  0]LogConfig: Setting CVar [[s.UseBackgroundLevelStreaming:1]]
[2021.07.15-19.58.47:092][  0]LogConfig: Setting CVar [[s.PriorityAsyncLoadingExtraTime:15.0]]
[2021.07.15-19.58.47:092][  0]LogConfig: Setting CVar [[s.LevelStreamingActorsUpdateTimeLimit:5.0]]
[2021.07.15-19.58.47:092][  0]LogConfig: Setting CVar [[s.PriorityLevelStreamingActorsUpdateExtraTime:5.0]]
[2021.07.15-19.58.47:092][  0]LogConfig: Setting CVar [[s.LevelStreamingComponentsRegistrationGranularity:10]]
[2021.07.15-19.58.47:092][  0]LogConfig: Setting CVar [[s.UnregisterComponentsTimeLimit:1.0]]
[2021.07.15-19.58.47:092][  0]LogConfig: Setting CVar [[s.LevelStreamingComponentsUnregistrationGranularity:5]]
[2021.07.15-19.58.47:092][  0]LogConfig: Setting CVar [[s.FlushStreamingOnExit:1]]
[2021.07.15-19.58.47:092][  0]LogConfig: Applying CVar settings from Section [/Script/Engine.GarbageCollectionSettings] File [C:/Users/jgodi/OneDrive/Desktop/UnrealGames/ToonTanksProjectSetup_4.25 (1)/ToonTanksProjectSetup_4.25/ToonTanksProjectSetup_4.25/ToonTanks/Saved/Config/Windows/Engine.ini]
[2021.07.15-19.58.47:092][  0]LogConfig: Setting CVar [[gc.MaxObjectsNotConsideredByGC:1]]
[2021.07.15-19.58.47:092][  0]LogConfig: Setting CVar [[gc.SizeOfPermanentObjectPool:0]]
[2021.07.15-19.58.47:092][  0]LogConfig: Setting CVar [[gc.FlushStreamingOnGC:0]]
[2021.07.15-19.58.47:092][  0]LogConfig: Setting CVar [[gc.NumRetriesBeforeForcingGC:10]]
[2021.07.15-19.58.47:092][  0]LogConfig: Setting CVar [[gc.AllowParallelGC:1]]
[2021.07.15-19.58.47:092][  0]LogConfig: Setting CVar [[gc.TimeBetweenPurgingPendingKillObjects:61.1]]
[2021.07.15-19.58.47:092][  0]LogConfig: Setting CVar [[gc.MaxObjectsInEditor:25165824]]
[2021.07.15-19.58.47:092][  0]LogConfig: Setting CVar [[gc.IncrementalBeginDestroyEnabled:1]]
[2021.07.15-19.58.47:092][  0]LogConfig: Setting CVar [[gc.CreateGCClusters:1]]
[2021.07.15-19.58.47:092][  0]LogConfig: Setting CVar [[gc.MinGCClusterSize:5]]
[2021.07.15-19.58.47:092][  0]LogConfig: Setting CVar [[gc.ActorClusteringEnabled:0]]
[2021.07.15-19.58.47:092][  0]LogConfig: Setting CVar [[gc.BlueprintClusteringEnabled:0]]
[2021.07.15-19.58.47:092][  0]LogConfig: Setting CVar [[gc.UseDisregardForGCOnDedicatedServers:0]]
[2021.07.15-19.58.47:092][  0]LogConfig: Applying CVar settings from Section [/Script/Engine.NetworkSettings] File [C:/Users/jgodi/OneDrive/Desktop/UnrealGames/ToonTanksProjectSetup_4.25 (1)/ToonTanksProjectSetup_4.25/ToonTanksProjectSetup_4.25/ToonTanks/Saved/Config/Windows/Engine.ini]
[2021.07.15-19.58.47:092][  0]LogConfig: Applying CVar settings from Section [/Script/UnrealEd.CookerSettings] File [C:/Users/jgodi/OneDrive/Desktop/UnrealGames/ToonTanksProjectSetup_4.25 (1)/ToonTanksProjectSetup_4.25/ToonTanksProjectSetup_4.25/ToonTanks/Saved/Config/Windows/Engine.ini]
[2021.07.15-19.58.47:094][  0]LogConfig: Applying CVar settings from Section [ViewDistanceQuality@3] File [C:/Users/jgodi/OneDrive/Desktop/UnrealGames/ToonTanksProjectSetup_4.25 (1)/ToonTanksProjectSetup_4.25/ToonTanksProjectSetup_4.25/ToonTanks/Saved/Config/Windows/Scalability.ini]
[2021.07.15-19.58.47:094][  0]LogConfig: Setting CVar [[r.SkeletalMeshLODBias:0]]
[2021.07.15-19.58.47:094][  0]LogConfig: Setting CVar [[r.ViewDistanceScale:1.0]]
[2021.07.15-19.58.47:094][  0]LogConfig: Applying CVar settings from Section [AntiAliasingQuality@3] File [C:/Users/jgodi/OneDrive/Desktop/UnrealGames/ToonTanksProjectSetup_4.25 (1)/ToonTanksProjectSetup_4.25/ToonTanksProjectSetup_4.25/ToonTanks/Saved/Config/Windows/Scalability.ini]
[2021.07.15-19.58.47:094][  0]LogConfig: Setting CVar [[r.PostProcessAAQuality:4]]
[2021.07.15-19.58.47:094][  0]LogConfig: Applying CVar settings from Section [ShadowQuality@3] File [C:/Users/jgodi/OneDrive/Desktop/UnrealGames/ToonTanksProjectSetup_4.25 (1)/ToonTanksProjectSetup_4.25/ToonTanksProjectSetup_4.25/ToonTanks/Saved/Config/Windows/Scalability.ini]
[2021.07.15-19.58.47:094][  0]LogConfig: Setting CVar [[r.LightFunctionQuality:1]]
[2021.07.15-19.58.47:094][  0]LogConfig: Setting CVar [[r.ShadowQuality:5]]
[2021.07.15-19.58.47:094][  0]LogConfig: Setting CVar [[r.Shadow.CSM.MaxCascades:10]]
[2021.07.15-19.58.47:094][  0]LogConfig: Setting CVar [[r.Shadow.MaxResolution:2048]]
[2021.07.15-19.58.47:094][  0]LogConfig: Setting CVar [[r.Shadow.MaxCSMResolution:2048]]
[2021.07.15-19.58.47:094][  0]LogConfig: Setting CVar [[r.Shadow.RadiusThreshold:0.01]]
[2021.07.15-19.58.47:094][  0]LogConfig: Setting CVar [[r.Shadow.DistanceScale:1.0]]
[2021.07.15-19.58.47:094][  0]LogConfig: Setting CVar [[r.Shadow.CSM.TransitionScale:1.0]]
[2021.07.15-19.58.47:094][  0]LogConfig: Setting CVar [[r.Shadow.PreShadowResolutionFactor:1.0]]
[2021.07.15-19.58.47:094][  0]LogConfig: Setting CVar [[r.DistanceFieldShadowing:1]]
[2021.07.15-19.58.47:094][  0]LogConfig: Setting CVar [[r.DistanceFieldAO:1]]
[2021.07.15-19.58.47:094][  0]LogConfig: Setting CVar [[r.AOQuality:2]]
[2021.07.15-19.58.47:094][  0]LogConfig: Setting CVar [[r.VolumetricFog:1]]
[2021.07.15-19.58.47:094][  0]LogConfig: Setting CVar [[r.VolumetricFog.GridPixelSize:8]]
[2021.07.15-19.58.47:094][  0]LogConfig: Setting CVar [[r.VolumetricFog.GridSizeZ:128]]
[2021.07.15-19.58.47:094][  0]LogConfig: Setting CVar [[r.VolumetricFog.HistoryMissSupersampleCount:4]]
[2021.07.15-19.58.47:094][  0]LogConfig: Setting CVar [[r.LightMaxDrawDistanceScale:1]]
[2021.07.15-19.58.47:094][  0]LogConfig: Setting CVar [[r.CapsuleShadows:1]]
[2021.07.15-19.58.47:094][  0]LogConfig: Applying CVar settings from Section [PostProcessQuality@3] File [C:/Users/jgodi/OneDrive/Desktop/UnrealGames/ToonTanksProjectSetup_4.25 (1)/ToonTanksProjectSetup_4.25/ToonTanksProjectSetup_4.25/ToonTanks/Saved/Config/Windows/Scalability.ini]
[2021.07.15-19.58.47:094][  0]LogConfig: Setting CVar [[r.MotionBlurQuality:4]]
[2021.07.15-19.58.47:094][  0]LogConfig: Setting CVar [[r.AmbientOcclusionMipLevelFactor:0.4]]
[2021.07.15-19.58.47:094][  0]LogConfig: Setting CVar [[r.AmbientOcclusionMaxQuality:100]]
[2021.07.15-19.58.47:094][  0]LogConfig: Setting CVar [[r.AmbientOcclusionLevels:-1]]
[2021.07.15-19.58.47:094][  0]LogConfig: Setting CVar [[r.AmbientOcclusionRadiusScale:1.0]]
[2021.07.15-19.58.47:094][  0]LogConfig: Setting CVar [[r.DepthOfFieldQuality:2]]
[2021.07.15-19.58.47:094][  0]LogConfig: Setting CVar [[r.RenderTargetPoolMin:400]]
[2021.07.15-19.58.47:094][  0]LogConfig: Setting CVar [[r.LensFlareQuality:2]]
[2021.07.15-19.58.47:094][  0]LogConfig: Setting CVar [[r.SceneColorFringeQuality:1]]
[2021.07.15-19.58.47:094][  0]LogConfig: Setting CVar [[r.EyeAdaptationQuality:2]]
[2021.07.15-19.58.47:094][  0]LogConfig: Setting CVar [[r.BloomQuality:5]]
[2021.07.15-19.58.47:094][  0]LogConfig: Setting CVar [[r.FastBlurThreshold:100]]
[2021.07.15-19.58.47:094][  0]LogConfig: Setting CVar [[r.Upscale.Quality:3]]
[2021.07.15-19.58.47:094][  0]LogConfig: Setting CVar [[r.Tonemapper.GrainQuantization:1]]
[2021.07.15-19.58.47:094][  0]LogConfig: Setting CVar [[r.LightShaftQuality:1]]
[2021.07.15-19.58.47:094][  0]LogConfig: Setting CVar [[r.Filter.SizeScale:1]]
[2021.07.15-19.58.47:094][  0]LogConfig: Setting CVar [[r.Tonemapper.Quality:5]]
[2021.07.15-19.58.47:094][  0]LogConfig: Setting CVar [[r.DOF.Gather.AccumulatorQuality:1        ; higher gathering accumulator quality]]
[2021.07.15-19.58.47:094][  0]LogConfig: Setting CVar [[r.DOF.Gather.PostfilterMethod:1          ; Median3x3 postfilering method]]
[2021.07.15-19.58.47:094][  0]LogConfig: Setting CVar [[r.DOF.Gather.EnableBokehSettings:0       ; no bokeh simulation when gathering]]
[2021.07.15-19.58.47:094][  0]LogConfig: Setting CVar [[r.DOF.Gather.RingCount:4                 ; medium number of samples when gathering]]
[2021.07.15-19.58.47:094][  0]LogConfig: Setting CVar [[r.DOF.Scatter.ForegroundCompositing:1    ; additive foreground scattering]]
[2021.07.15-19.58.47:094][  0]LogConfig: Setting CVar [[r.DOF.Scatter.BackgroundCompositing:2    ; additive background scattering]]
[2021.07.15-19.58.47:094][  0]LogConfig: Setting CVar [[r.DOF.Scatter.EnableBokehSettings:1      ; bokeh simulation when scattering]]
[2021.07.15-19.58.47:094][  0]LogConfig: Setting CVar [[r.DOF.Scatter.MaxSpriteRatio:0.1         ; only a maximum of 10% of scattered bokeh]]
[2021.07.15-19.58.47:094][  0]LogConfig: Setting CVar [[r.DOF.Recombine.Quality:1                ; cheap slight out of focus]]
[2021.07.15-19.58.47:094][  0]LogConfig: Setting CVar [[r.DOF.Recombine.EnableBokehSettings:0    ; no bokeh simulation on slight out of focus]]
[2021.07.15-19.58.47:094][  0]LogConfig: Setting CVar [[r.DOF.TemporalAAQuality:1                ; more stable temporal accumulation]]
[2021.07.15-19.58.47:094][  0]LogConfig: Setting CVar [[r.DOF.Kernel.MaxForegroundRadius:0.025]]
[2021.07.15-19.58.47:094][  0]LogConfig: Setting CVar [[r.DOF.Kernel.MaxBackgroundRadius:0.025]]
[2021.07.15-19.58.47:094][  0]LogConfig: Applying CVar settings from Section [TextureQuality@3] File [C:/Users/jgodi/OneDrive/Desktop/UnrealGames/ToonTanksProjectSetup_4.25 (1)/ToonTanksProjectSetup_4.25/ToonTanksProjectSetup_4.25/ToonTanks/Saved/Config/Windows/Scalability.ini]
[2021.07.15-19.58.47:094][  0]LogConfig: Setting CVar [[r.Streaming.MipBias:0]]
[2021.07.15-19.58.47:094][  0]LogConfig: Setting CVar [[r.Streaming.AmortizeCPUToGPUCopy:0]]
[2021.07.15-19.58.47:094][  0]LogConfig: Setting CVar [[r.Streaming.MaxNumTexturesToStreamPerFrame:0]]
[2021.07.15-19.58.47:094][  0]LogConfig: Setting CVar [[r.Streaming.Boost:1]]
[2021.07.15-19.58.47:094][  0]LogConfig: Setting CVar [[r.MaxAnisotropy:8]]
[2021.07.15-19.58.47:094][  0]LogConfig: Setting CVar [[r.VT.MaxAnisotropy:8]]
[2021.07.15-19.58.47:094][  0]LogConfig: Setting CVar [[r.Streaming.LimitPoolSizeToVRAM:0]]
[2021.07.15-19.58.47:094][  0]LogConfig: Setting CVar [[r.Streaming.PoolSize:1000]]
[2021.07.15-19.58.47:094][  0]LogConfig: Setting CVar [[r.Streaming.MaxEffectiveScreenSize:0]]
[2021.07.15-19.58.47:094][  0]LogConfig: Applying CVar settings from Section [EffectsQuality@3] File [C:/Users/jgodi/OneDrive/Desktop/UnrealGames/ToonTanksProjectSetup_4.25 (1)/ToonTanksProjectSetup_4.25/ToonTanksProjectSetup_4.25/ToonTanks/Saved/Config/Windows/Scalability.ini]
[2021.07.15-19.58.47:094][  0]LogConfig: Setting CVar [[r.TranslucencyLightingVolumeDim:64]]
[2021.07.15-19.58.47:094][  0]LogConfig: Setting CVar [[r.RefractionQuality:2]]
[2021.07.15-19.58.47:094][  0]LogConfig: Setting CVar [[r.SSR.Quality:3]]
[2021.07.15-19.58.47:094][  0]LogConfig: Setting CVar [[r.SSR.HalfResSceneColor:0]]
[2021.07.15-19.58.47:094][  0]LogConfig: Setting CVar [[r.SceneColorFormat:4]]
[2021.07.15-19.58.47:094][  0]LogConfig: Setting CVar [[r.DetailMode:2]]
[2021.07.15-19.58.47:094][  0]LogConfig: Setting CVar [[r.TranslucencyVolumeBlur:1]]
[2021.07.15-19.58.47:094][  0]LogConfig: Setting CVar [[r.MaterialQualityLevel:1 ; High quality]]
[2021.07.15-19.58.47:094][  0]LogConfig: Setting CVar [[r.SSS.Scale:1]]
[2021.07.15-19.58.47:094][  0]LogConfig: Setting CVar [[r.SSS.SampleSet:2]]
[2021.07.15-19.58.47:094][  0]LogConfig: Setting CVar [[r.SSS.Quality:1]]
[2021.07.15-19.58.47:094][  0]LogConfig: Setting CVar [[r.SSS.HalfRes:0]]
[2021.07.15-19.58.47:094][  0]LogConfig: Setting CVar [[r.SSGI.Quality:3]]
[2021.07.15-19.58.47:094][  0]LogConfig: Setting CVar [[r.EmitterSpawnRateScale:1.0]]
[2021.07.15-19.58.47:094][  0]LogConfig: Setting CVar [[r.ParticleLightQuality:2]]
[2021.07.15-19.58.47:094][  0]LogConfig: Setting CVar [[r.SkyAtmosphere.AerialPerspectiveLUT.FastApplyOnOpaque:1 ; Always have FastSkyLUT 1 in this case to avoid wrong sky]]
[2021.07.15-19.58.47:094][  0]LogConfig: Setting CVar [[r.SkyAtmosphere.AerialPerspectiveLUT.SampleCountPerSlice:1]]
[2021.07.15-19.58.47:094][  0]LogConfig: Setting CVar [[r.SkyAtmosphere.AerialPerspectiveLUT.DepthResolution:16.0]]
[2021.07.15-19.58.47:094][  0]LogConfig: Setting CVar [[r.SkyAtmosphere.FastSkyLUT:1]]
[2021.07.15-19.58.47:094][  0]LogConfig: Setting CVar [[r.SkyAtmosphere.FastSkyLUT.SampleCountMin:4.0]]
[2021.07.15-19.58.47:094][  0]LogConfig: Setting CVar [[r.SkyAtmosphere.FastSkyLUT.SampleCountMax:32.0]]
[2021.07.15-19.58.47:094][  0]LogConfig: Setting CVar [[r.SkyAtmosphere.SampleCountMin:4.0]]
[2021.07.15-19.58.47:094][  0]LogConfig: Setting CVar [[r.SkyAtmosphere.SampleCountMax:32.0]]
[2021.07.15-19.58.47:094][  0]LogConfig: Setting CVar [[r.SkyAtmosphere.TransmittanceLUT.UseSmallFormat:0]]
[2021.07.15-19.58.47:094][  0]LogConfig: Setting CVar [[r.SkyAtmosphere.TransmittanceLUT.SampleCount:10.0]]
[2021.07.15-19.58.47:094][  0]LogConfig: Setting CVar [[r.SkyAtmosphere.MultiScatteringLUT.SampleCount:15.0]]
[2021.07.15-19.58.47:094][  0]LogConfig: Applying CVar settings from Section [FoliageQuality@3] File [C:/Users/jgodi/OneDrive/Desktop/UnrealGames/ToonTanksProjectSetup_4.25 (1)/ToonTanksProjectSetup_4.25/ToonTanksProjectSetup_4.25/ToonTanks/Saved/Config/Windows/Scalability.ini]
[2021.07.15-19.58.47:094][  0]LogConfig: Setting CVar [[foliage.DensityScale:1.0]]
[2021.07.15-19.58.47:094][  0]LogConfig: Setting CVar [[grass.DensityScale:1.0]]
[2021.07.15-19.58.47:094][  0]LogConfig: Applying CVar settings from Section [ShadingQuality@3] File [C:/Users/jgodi/OneDrive/Desktop/UnrealGames/ToonTanksProjectSetup_4.25 (1)/ToonTanksProjectSetup_4.25/ToonTanksProjectSetup_4.25/ToonTanks/Saved/Config/Windows/Scalability.ini]
[2021.07.15-19.58.47:094][  0]LogConfig: Setting CVar [[r.HairStrands.SkyLighting.SampleCount:16]]
[2021.07.15-19.58.47:094][  0]LogConfig: Setting CVar [[r.HairStrands.SkyLighting.JitterIntegration:0]]
[2021.07.15-19.58.47:094][  0]LogConfig: Setting CVar [[r.HairStrands.SkyAO.SampleCount:16]]
[2021.07.15-19.58.47:094][  0]LogConfig: Setting CVar [[r.HairStrands.DeepShadow.SuperSampling:0]]
[2021.07.15-19.58.47:094][  0]LogConfig: Setting CVar [[r.HairStrands.VisibilityPPLL:0]]
[2021.07.15-19.58.47:094][  0]LogConfig: Setting CVar [[r.HairStrands.RasterizationScale:0.5]]
[2021.07.15-19.58.47:094][  0]LogConfig: Setting CVar [[r.HairStrands.VelocityRasterizationScale:1]]
[2021.07.15-19.58.47:095][  0]LogInit: Selected Device Profile: [Windows]
[2021.07.15-19.58.47:095][  0]LogInit: Applying CVar settings loaded from the selected device profile: [Windows]
[2021.07.15-19.58.47:095][  0]LogHAL: Display: Platform has ~ 32 GB [34158198784 / 34359738368 / 32], which maps to Largest [LargestMinGB=32, LargerMinGB=12, DefaultMinGB=8, SmallerMinGB=6, SmallestMinGB=0)
[2021.07.15-19.58.47:095][  0]LogInit: Going up to parent DeviceProfile []
[2021.07.15-19.58.47:095][  0]LogConfig: Applying CVar settings from Section [ViewDistanceQuality@3] File [C:/Users/jgodi/OneDrive/Desktop/UnrealGames/ToonTanksProjectSetup_4.25 (1)/ToonTanksProjectSetup_4.25/ToonTanksProjectSetup_4.25/ToonTanks/Saved/Config/Windows/Scalability.ini]
[2021.07.15-19.58.47:095][  0]LogConfig: Setting CVar [[r.SkeletalMeshLODBias:0]]
[2021.07.15-19.58.47:095][  0]LogConfig: Setting CVar [[r.ViewDistanceScale:1.0]]
[2021.07.15-19.58.47:095][  0]LogConfig: Applying CVar settings from Section [AntiAliasingQuality@3] File [C:/Users/jgodi/OneDrive/Desktop/UnrealGames/ToonTanksProjectSetup_4.25 (1)/ToonTanksProjectSetup_4.25/ToonTanksProjectSetup_4.25/ToonTanks/Saved/Config/Windows/Scalability.ini]
[2021.07.15-19.58.47:095][  0]LogConfig: Setting CVar [[r.PostProcessAAQuality:4]]
[2021.07.15-19.58.47:095][  0]LogConfig: Applying CVar settings from Section [ShadowQuality@3] File [C:/Users/jgodi/OneDrive/Desktop/UnrealGames/ToonTanksProjectSetup_4.25 (1)/ToonTanksProjectSetup_4.25/ToonTanksProjectSetup_4.25/ToonTanks/Saved/Config/Windows/Scalability.ini]
[2021.07.15-19.58.47:095][  0]LogConfig: Setting CVar [[r.LightFunctionQuality:1]]
[2021.07.15-19.58.47:095][  0]LogConfig: Setting CVar [[r.ShadowQuality:5]]
[2021.07.15-19.58.47:095][  0]LogConfig: Setting CVar [[r.Shadow.CSM.MaxCascades:10]]
[2021.07.15-19.58.47:095][  0]LogConfig: Setting CVar [[r.Shadow.MaxResolution:2048]]
[2021.07.15-19.58.47:095][  0]LogConfig: Setting CVar [[r.Shadow.MaxCSMResolution:2048]]
[2021.07.15-19.58.47:095][  0]LogConfig: Setting CVar [[r.Shadow.RadiusThreshold:0.01]]
[2021.07.15-19.58.47:095][  0]LogConfig: Setting CVar [[r.Shadow.DistanceScale:1.0]]
[2021.07.15-19.58.47:095][  0]LogConfig: Setting CVar [[r.Shadow.CSM.TransitionScale:1.0]]
[2021.07.15-19.58.47:095][  0]LogConfig: Setting CVar [[r.Shadow.PreShadowResolutionFactor:1.0]]
[2021.07.15-19.58.47:095][  0]LogConfig: Setting CVar [[r.DistanceFieldShadowing:1]]
[2021.07.15-19.58.47:095][  0]LogConfig: Setting CVar [[r.DistanceFieldAO:1]]
[2021.07.15-19.58.47:095][  0]LogConfig: Setting CVar [[r.AOQuality:2]]
[2021.07.15-19.58.47:095][  0]LogConfig: Setting CVar [[r.VolumetricFog:1]]
[2021.07.15-19.58.47:095][  0]LogConfig: Setting CVar [[r.VolumetricFog.GridPixelSize:8]]
[2021.07.15-19.58.47:095][  0]LogConfig: Setting CVar [[r.VolumetricFog.GridSizeZ:128]]
[2021.07.15-19.58.47:095][  0]LogConfig: Setting CVar [[r.VolumetricFog.HistoryMissSupersampleCount:4]]
[2021.07.15-19.58.47:095][  0]LogConfig: Setting CVar [[r.LightMaxDrawDistanceScale:1]]
[2021.07.15-19.58.47:095][  0]LogConfig: Setting CVar [[r.CapsuleShadows:1]]
[2021.07.15-19.58.47:095][  0]LogConfig: Applying CVar settings from Section [PostProcessQuality@3] File [C:/Users/jgodi/OneDrive/Desktop/UnrealGames/ToonTanksProjectSetup_4.25 (1)/ToonTanksProjectSetup_4.25/ToonTanksProjectSetup_4.25/ToonTanks/Saved/Config/Windows/Scalability.ini]
[2021.07.15-19.58.47:095][  0]LogConfig: Setting CVar [[r.MotionBlurQuality:4]]
[2021.07.15-19.58.47:095][  0]LogConfig: Setting CVar [[r.AmbientOcclusionMipLevelFactor:0.4]]
[2021.07.15-19.58.47:095][  0]LogConfig: Setting CVar [[r.AmbientOcclusionMaxQuality:100]]
[2021.07.15-19.58.47:095][  0]LogConfig: Setting CVar [[r.AmbientOcclusionLevels:-1]]
[2021.07.15-19.58.47:095][  0]LogConfig: Setting CVar [[r.AmbientOcclusionRadiusScale:1.0]]
[2021.07.15-19.58.47:095][  0]LogConfig: Setting CVar [[r.DepthOfFieldQuality:2]]
[2021.07.15-19.58.47:095][  0]LogConfig: Setting CVar [[r.RenderTargetPoolMin:400]]
[2021.07.15-19.58.47:095][  0]LogConfig: Setting CVar [[r.LensFlareQuality:2]]
[2021.07.15-19.58.47:095][  0]LogConfig: Setting CVar [[r.SceneColorFringeQuality:1]]
[2021.07.15-19.58.47:095][  0]LogConfig: Setting CVar [[r.EyeAdaptationQuality:2]]
[2021.07.15-19.58.47:095][  0]LogConfig: Setting CVar [[r.BloomQuality:5]]
[2021.07.15-19.58.47:095][  0]LogConfig: Setting CVar [[r.FastBlurThreshold:100]]
[2021.07.15-19.58.47:095][  0]LogConfig: Setting CVar [[r.Upscale.Quality:3]]
[2021.07.15-19.58.47:095][  0]LogConfig: Setting CVar [[r.Tonemapper.GrainQuantization:1]]
[2021.07.15-19.58.47:095][  0]LogConfig: Setting CVar [[r.LightShaftQuality:1]]
[2021.07.15-19.58.47:095][  0]LogConfig: Setting CVar [[r.Filter.SizeScale:1]]
[2021.07.15-19.58.47:095][  0]LogConfig: Setting CVar [[r.Tonemapper.Quality:5]]
[2021.07.15-19.58.47:095][  0]LogConfig: Setting CVar [[r.DOF.Gather.AccumulatorQuality:1        ; higher gathering accumulator quality]]
[2021.07.15-19.58.47:095][  0]LogConfig: Setting CVar [[r.DOF.Gather.PostfilterMethod:1          ; Median3x3 postfilering method]]
[2021.07.15-19.58.47:095][  0]LogConfig: Setting CVar [[r.DOF.Gather.EnableBokehSettings:0       ; no bokeh simulation when gathering]]
[2021.07.15-19.58.47:095][  0]LogConfig: Setting CVar [[r.DOF.Gather.RingCount:4                 ; medium number of samples when gathering]]
[2021.07.15-19.58.47:095][  0]LogConfig: Setting CVar [[r.DOF.Scatter.ForegroundCompositing:1    ; additive foreground scattering]]
[2021.07.15-19.58.47:095][  0]LogConfig: Setting CVar [[r.DOF.Scatter.BackgroundCompositing:2    ; additive background scattering]]
[2021.07.15-19.58.47:095][  0]LogConfig: Setting CVar [[r.DOF.Scatter.EnableBokehSettings:1      ; bokeh simulation when scattering]]
[2021.07.15-19.58.47:095][  0]LogConfig: Setting CVar [[r.DOF.Scatter.MaxSpriteRatio:0.1         ; only a maximum of 10% of scattered bokeh]]
[2021.07.15-19.58.47:095][  0]LogConfig: Setting CVar [[r.DOF.Recombine.Quality:1                ; cheap slight out of focus]]
[2021.07.15-19.58.47:095][  0]LogConfig: Setting CVar [[r.DOF.Recombine.EnableBokehSettings:0    ; no bokeh simulation on slight out of focus]]
[2021.07.15-19.58.47:095][  0]LogConfig: Setting CVar [[r.DOF.TemporalAAQuality:1                ; more stable temporal accumulation]]
[2021.07.15-19.58.47:095][  0]LogConfig: Setting CVar [[r.DOF.Kernel.MaxForegroundRadius:0.025]]
[2021.07.15-19.58.47:095][  0]LogConfig: Setting CVar [[r.DOF.Kernel.MaxBackgroundRadius:0.025]]
[2021.07.15-19.58.47:095][  0]LogConfig: Applying CVar settings from Section [TextureQuality@3] File [C:/Users/jgodi/OneDrive/Desktop/UnrealGames/ToonTanksProjectSetup_4.25 (1)/ToonTanksProjectSetup_4.25/ToonTanksProjectSetup_4.25/ToonTanks/Saved/Config/Windows/Scalability.ini]
[2021.07.15-19.58.47:095][  0]LogConfig: Setting CVar [[r.Streaming.MipBias:0]]
[2021.07.15-19.58.47:095][  0]LogConfig: Setting CVar [[r.Streaming.AmortizeCPUToGPUCopy:0]]
[2021.07.15-19.58.47:095][  0]LogConfig: Setting CVar [[r.Streaming.MaxNumTexturesToStreamPerFrame:0]]
[2021.07.15-19.58.47:095][  0]LogConfig: Setting CVar [[r.Streaming.Boost:1]]
[2021.07.15-19.58.47:095][  0]LogConfig: Setting CVar [[r.MaxAnisotropy:8]]
[2021.07.15-19.58.47:095][  0]LogConfig: Setting CVar [[r.VT.MaxAnisotropy:8]]
[2021.07.15-19.58.47:095][  0]LogConfig: Setting CVar [[r.Streaming.LimitPoolSizeToVRAM:0]]
[2021.07.15-19.58.47:095][  0]LogConfig: Setting CVar [[r.Streaming.PoolSize:1000]]
[2021.07.15-19.58.47:095][  0]LogConfig: Setting CVar [[r.Streaming.MaxEffectiveScreenSize:0]]
[2021.07.15-19.58.47:095][  0]LogConfig: Applying CVar settings from Section [EffectsQuality@3] File [C:/Users/jgodi/OneDrive/Desktop/UnrealGames/ToonTanksProjectSetup_4.25 (1)/ToonTanksProjectSetup_4.25/ToonTanksProjectSetup_4.25/ToonTanks/Saved/Config/Windows/Scalability.ini]
[2021.07.15-19.58.47:095][  0]LogConfig: Setting CVar [[r.TranslucencyLightingVolumeDim:64]]
[2021.07.15-19.58.47:095][  0]LogConfig: Setting CVar [[r.RefractionQuality:2]]
[2021.07.15-19.58.47:095][  0]LogConfig: Setting CVar [[r.SSR.Quality:3]]
[2021.07.15-19.58.47:095][  0]LogConfig: Setting CVar [[r.SSR.HalfResSceneColor:0]]
[2021.07.15-19.58.47:095][  0]LogConfig: Setting CVar [[r.SceneColorFormat:4]]
[2021.07.15-19.58.47:095][  0]LogConfig: Setting CVar [[r.DetailMode:2]]
[2021.07.15-19.58.47:095][  0]LogConfig: Setting CVar [[r.TranslucencyVolumeBlur:1]]
[2021.07.15-19.58.47:095][  0]LogConfig: Setting CVar [[r.MaterialQualityLevel:1 ; High quality]]
[2021.07.15-19.58.47:095][  0]LogConfig: Setting CVar [[r.SSS.Scale:1]]
[2021.07.15-19.58.47:095][  0]LogConfig: Setting CVar [[r.SSS.SampleSet:2]]
[2021.07.15-19.58.47:095][  0]LogConfig: Setting CVar [[r.SSS.Quality:1]]
[2021.07.15-19.58.47:095][  0]LogConfig: Setting CVar [[r.SSS.HalfRes:0]]
[2021.07.15-19.58.47:095][  0]LogConfig: Setting CVar [[r.SSGI.Quality:3]]
[2021.07.15-19.58.47:095][  0]LogConfig: Setting CVar [[r.EmitterSpawnRateScale:1.0]]
[2021.07.15-19.58.47:095][  0]LogConfig: Setting CVar [[r.ParticleLightQuality:2]]
[2021.07.15-19.58.47:095][  0]LogConfig: Setting CVar [[r.SkyAtmosphere.AerialPerspectiveLUT.FastApplyOnOpaque:1 ; Always have FastSkyLUT 1 in this case to avoid wrong sky]]
[2021.07.15-19.58.47:095][  0]LogConfig: Setting CVar [[r.SkyAtmosphere.AerialPerspectiveLUT.SampleCountPerSlice:1]]
[2021.07.15-19.58.47:095][  0]LogConfig: Setting CVar [[r.SkyAtmosphere.AerialPerspectiveLUT.DepthResolution:16.0]]
[2021.07.15-19.58.47:095][  0]LogConfig: Setting CVar [[r.SkyAtmosphere.FastSkyLUT:1]]
[2021.07.15-19.58.47:095][  0]LogConfig: Setting CVar [[r.SkyAtmosphere.FastSkyLUT.SampleCountMin:4.0]]
[2021.07.15-19.58.47:095][  0]LogConfig: Setting CVar [[r.SkyAtmosphere.FastSkyLUT.SampleCountMax:32.0]]
[2021.07.15-19.58.47:095][  0]LogConfig: Setting CVar [[r.SkyAtmosphere.SampleCountMin:4.0]]
[2021.07.15-19.58.47:095][  0]LogConfig: Setting CVar [[r.SkyAtmosphere.SampleCountMax:32.0]]
[2021.07.15-19.58.47:095][  0]LogConfig: Setting CVar [[r.SkyAtmosphere.TransmittanceLUT.UseSmallFormat:0]]
[2021.07.15-19.58.47:095][  0]LogConfig: Setting CVar [[r.SkyAtmosphere.TransmittanceLUT.SampleCount:10.0]]
[2021.07.15-19.58.47:095][  0]LogConfig: Setting CVar [[r.SkyAtmosphere.MultiScatteringLUT.SampleCount:15.0]]
[2021.07.15-19.58.47:095][  0]LogConfig: Applying CVar settings from Section [FoliageQuality@3] File [C:/Users/jgodi/OneDrive/Desktop/UnrealGames/ToonTanksProjectSetup_4.25 (1)/ToonTanksProjectSetup_4.25/ToonTanksProjectSetup_4.25/ToonTanks/Saved/Config/Windows/Scalability.ini]
[2021.07.15-19.58.47:095][  0]LogConfig: Setting CVar [[foliage.DensityScale:1.0]]
[2021.07.15-19.58.47:095][  0]LogConfig: Setting CVar [[grass.DensityScale:1.0]]
[2021.07.15-19.58.47:095][  0]LogConfig: Applying CVar settings from Section [ShadingQuality@3] File [C:/Users/jgodi/OneDrive/Desktop/UnrealGames/ToonTanksProjectSetup_4.25 (1)/ToonTanksProjectSetup_4.25/ToonTanksProjectSetup_4.25/ToonTanks/Saved/Config/Windows/Scalability.ini]
[2021.07.15-19.58.47:095][  0]LogConfig: Setting CVar [[r.HairStrands.SkyLighting.SampleCount:16]]
[2021.07.15-19.58.47:095][  0]LogConfig: Setting CVar [[r.HairStrands.SkyLighting.JitterIntegration:0]]
[2021.07.15-19.58.47:095][  0]LogConfig: Setting CVar [[r.HairStrands.SkyAO.SampleCount:16]]
[2021.07.15-19.58.47:095][  0]LogConfig: Setting CVar [[r.HairStrands.DeepShadow.SuperSampling:0]]
[2021.07.15-19.58.47:095][  0]LogConfig: Setting CVar [[r.HairStrands.VisibilityPPLL:0]]
[2021.07.15-19.58.47:095][  0]LogConfig: Setting CVar [[r.HairStrands.RasterizationScale:0.5]]
[2021.07.15-19.58.47:095][  0]LogConfig: Setting CVar [[r.HairStrands.VelocityRasterizationScale:1]]
[2021.07.15-19.58.47:095][  0]LogConfig: Applying CVar settings from Section [Startup] File [../../../Engine/Config/ConsoleVariables.ini]
[2021.07.15-19.58.47:096][  0]LogConfig: Setting CVar [[net.UseAdaptiveNetUpdateFrequency:0]]
[2021.07.15-19.58.47:096][  0]LogConfig: Setting CVar [[p.chaos.AllowCreatePhysxBodies:1]]
[2021.07.15-19.58.47:096][  0]LogConfig: Setting CVar [[fx.SkipVectorVMBackendOptimizations:1]]
[2021.07.15-19.58.47:096][  0]LogConfig: Applying CVar settings from Section [ConsoleVariables] File [C:/Users/jgodi/OneDrive/Desktop/UnrealGames/ToonTanksProjectSetup_4.25 (1)/ToonTanksProjectSetup_4.25/ToonTanksProjectSetup_4.25/ToonTanks/Saved/Config/Windows/Engine.ini]
[2021.07.15-19.58.47:096][  0]LogInit: Computer: DESKTOP-KTB9FDA
[2021.07.15-19.58.47:096][  0]LogInit: User: jgodi
[2021.07.15-19.58.47:096][  0]LogInit: CPU Page size=4096, Cores=10
[2021.07.15-19.58.47:096][  0]LogInit: High frequency timer resolution =10.000000 MHz
[2021.07.15-19.58.47:096][  0]LogMemory: Memory total: Physical=31.8GB (32GB approx)
[2021.07.15-19.58.47:096][  0]LogMemory: Platform Memory Stats for Windows
[2021.07.15-19.58.47:096][  0]LogMemory: Process Physical Memory: 118.33 MB used, 118.34 MB peak
[2021.07.15-19.58.47:096][  0]LogMemory: Process Virtual Memory: 101.14 MB used, 101.14 MB peak
[2021.07.15-19.58.47:096][  0]LogMemory: Physical Memory: 9278.88 MB used,  23296.92 MB free, 32575.80 MB total
[2021.07.15-19.58.47:096][  0]LogMemory: Virtual Memory: 5211.18 MB used,  134212520.00 MB free, 134217728.00 MB total
[2021.07.15-19.58.47:099][  0]LogWindows: WindowsPlatformFeatures enabled
[2021.07.15-19.58.47:134][  0]LogInit: Physics initialised using underlying interface: PhysX
[2021.07.15-19.58.47:135][  0]LogInit: Using OS detected language (en-US).
[2021.07.15-19.58.47:135][  0]LogInit: Using OS detected locale (en-US).
[2021.07.15-19.58.47:140][  0]LogTextLocalizationManager: No specific localization for 'en-US' exists, so the 'en' localization will be used.
[2021.07.15-19.58.47:300][  0]LogInit: Setting process to per monitor DPI aware
[2021.07.15-19.58.47:321][  0]LogSlate: New Slate User Created.  User Index 0, Is Virtual User: 0
[2021.07.15-19.58.47:321][  0]LogSlate: Slate User Registered.  User Index 0, Is Virtual User: 0
[2021.07.15-19.58.47:445][  0]LogHMD: Failed to initialize OpenVR with code 110
[2021.07.15-19.58.47:445][  0]LogD3D11RHI: D3D11 min allowed feature level: 11_0
[2021.07.15-19.58.47:445][  0]LogD3D11RHI: D3D11 max allowed feature level: 11_0
[2021.07.15-19.58.47:445][  0]LogD3D11RHI: D3D11 adapters:
[2021.07.15-19.58.47:520][  0]LogD3D11RHI:    0. 'NVIDIA GeForce RTX 2070 SUPER' (Feature Level 11_0)
[2021.07.15-19.58.47:520][  0]LogD3D11RHI:       8011/0/16287 MB DedicatedVideo/DedicatedSystem/SharedSystem, Outputs:1, VendorId:0x10de
[2021.07.15-19.58.47:522][  0]LogD3D11RHI:    1. 'Microsoft Basic Render Driver' (Feature Level 11_0)
[2021.07.15-19.58.47:522][  0]LogD3D11RHI:       0/0/16287 MB DedicatedVideo/DedicatedSystem/SharedSystem, Outputs:0, VendorId:0x1414
[2021.07.15-19.58.47:522][  0]LogD3D11RHI: Chosen D3D11 Adapter: 0
[2021.07.15-19.58.47:526][  0]LogD3D11RHI: Creating new Direct3DDevice
[2021.07.15-19.58.47:526][  0]LogD3D11RHI:     GPU DeviceId: 0x1e84 (for the marketing name, search the web for "GPU Device Id")
[2021.07.15-19.58.47:526][  0]LogWindows: EnumDisplayDevices:
[2021.07.15-19.58.47:527][  0]LogWindows:    0. 'NVIDIA GeForce RTX 2070 SUPER' (P:1 D:1)
[2021.07.15-19.58.47:527][  0]LogWindows:    1. 'NVIDIA GeForce RTX 2070 SUPER' (P:0 D:0)
[2021.07.15-19.58.47:527][  0]LogWindows:    2. 'NVIDIA GeForce RTX 2070 SUPER' (P:0 D:0)
[2021.07.15-19.58.47:527][  0]LogWindows:    3. 'NVIDIA GeForce RTX 2070 SUPER' (P:0 D:0)
[2021.07.15-19.58.47:527][  0]LogWindows: DebugString: FoundDriverCount:4 
[2021.07.15-19.58.47:527][  0]LogD3D11RHI:     Adapter Name: NVIDIA GeForce RTX 2070 SUPER
[2021.07.15-19.58.47:527][  0]LogD3D11RHI:   Driver Version: 466.84 (internal:27.21.14.6684, unified:466.84)
[2021.07.15-19.58.47:527][  0]LogD3D11RHI:      Driver Date: 6-17-2021
[2021.07.15-19.58.47:527][  0]LogRHI: Texture pool is 5607 MB (70% of 8011 MB)
[2021.07.15-19.58.47:584][  0]LogD3D11RHI: RHI has support for 64 bit atomics
[2021.07.15-19.58.47:584][  0]LogD3D11RHI: Async texture creation enabled
[2021.07.15-19.58.47:584][  0]LogD3D11RHI: Array index from any shader is supported
[2021.07.15-19.58.47:602][  0]LogD3D11RHI: GPU Timing Frequency: 1000.000000 (Debug: 2 2)
[2021.07.15-19.58.47:797][  0]LogTargetPlatformManager: Display: Loaded TargetPlatform 'AllDesktop'
[2021.07.15-19.58.47:812][  0]LogTargetPlatformManager: Display: Loaded TargetPlatform 'Android'
[2021.07.15-19.58.47:812][  0]LogTargetPlatformManager: Display: Loaded TargetPlatform 'Android_ASTC'
[2021.07.15-19.58.47:812][  0]LogTargetPlatformManager: Display: Loaded TargetPlatform 'Android_DXT'
[2021.07.15-19.58.47:812][  0]LogTargetPlatformManager: Display: Loaded TargetPlatform 'Android_ETC2'
[2021.07.15-19.58.47:812][  0]LogTargetPlatformManager: Display: Loaded TargetPlatform 'AndroidClient'
[2021.07.15-19.58.47:812][  0]LogTargetPlatformManager: Display: Loaded TargetPlatform 'Android_ASTCClient'
[2021.07.15-19.58.47:812][  0]LogTargetPlatformManager: Display: Loaded TargetPlatform 'Android_DXTClient'
[2021.07.15-19.58.47:812][  0]LogTargetPlatformManager: Display: Loaded TargetPlatform 'Android_ETC2Client'
[2021.07.15-19.58.47:812][  0]LogTargetPlatformManager: Display: Loaded TargetPlatform 'Android_Multi'
[2021.07.15-19.58.47:812][  0]LogTargetPlatformManager: Display: Loaded TargetPlatform 'Android_MultiClient'
[2021.07.15-19.58.47:830][  0]LogTargetPlatformManager: Display: Loaded TargetPlatform 'IOSClient'
[2021.07.15-19.58.47:830][  0]LogTargetPlatformManager: Display: Loaded TargetPlatform 'IOS'
[2021.07.15-19.58.47:837][  0]LogTargetPlatformManager: Display: Loaded TargetPlatform 'Linux'
[2021.07.15-19.58.47:844][  0]LogTargetPlatformManager: Display: Loaded TargetPlatform 'LinuxNoEditor'
[2021.07.15-19.58.47:851][  0]LogTargetPlatformManager: Display: Loaded TargetPlatform 'LinuxClient'
[2021.07.15-19.58.47:857][  0]LogTargetPlatformManager: Display: Loaded TargetPlatform 'LinuxServer'
[2021.07.15-19.58.47:864][  0]LogTargetPlatformManager: Display: Loaded TargetPlatform 'LinuxAArch64NoEditor'
[2021.07.15-19.58.47:871][  0]LogTargetPlatformManager: Display: Loaded TargetPlatform 'LinuxAArch64Client'
[2021.07.15-19.58.47:877][  0]LogTargetPlatformManager: Display: Loaded TargetPlatform 'LinuxAArch64Server'
[2021.07.15-19.58.47:898][  0]LogTargetPlatformManager: Display: Loaded TargetPlatform 'Lumin'
[2021.07.15-19.58.47:898][  0]LogTargetPlatformManager: Display: Loaded TargetPlatform 'LuminClient'
[2021.07.15-19.58.47:910][  0]LogTargetPlatformManager: Display: Loaded TargetPlatform 'TVOSClient'
[2021.07.15-19.58.47:910][  0]LogTargetPlatformManager: Display: Loaded TargetPlatform 'TVOS'
[2021.07.15-19.58.47:917][  0]LogTargetPlatformManager: Display: Loaded TargetPlatform 'WindowsNoEditor'
[2021.07.15-19.58.47:924][  0]LogTargetPlatformManager: Display: Loaded TargetPlatform 'Windows'
[2021.07.15-19.58.47:931][  0]LogTargetPlatformManager: Display: Loaded TargetPlatform 'WindowsClient'
[2021.07.15-19.58.47:937][  0]LogTargetPlatformManager: Display: Loaded TargetPlatform 'WindowsServer'
[2021.07.15-19.58.47:937][  0]LogTargetPlatformManager: Display: Building Assets For Windows
[2021.07.15-19.58.47:942][  0]LogAudioDebug: Display: Lib vorbis DLL was dynamically loaded.
[2021.07.15-19.58.47:985][  0]LogShaderCompilers: Guid format shader working directory is -108 characters bigger than the processId version (../../../../../../Users/jgodi/OneDrive/Desktop/UnrealGames/ToonTanksProjectSetup_4.25 (1)/ToonTanksProjectSetup_4.25/ToonTanksProjectSetup_4.25/ToonTanks/Intermediate/Shaders/WorkingDirectory/17380/).
[2021.07.15-19.58.47:985][  0]LogShaderCompilers: Cleaned the shader compiler working directory 'C:/Users/jgodi/AppData/Local/Temp/UnrealShaderWorkingDir/E6C5C27C47E4F7FC60E8EF9F94C1CC2D/'.
[2021.07.15-19.58.47:985][  0]LogXGEController: Cleaning working directory: C:/Users/jgodi/AppData/Local/Temp/UnrealXGEWorkingDir/
[2021.07.15-19.58.47:985][  0]LogXGEController: Cannot use XGE Controller as Incredibuild is not installed on this machine.
[2021.07.15-19.58.47:985][  0]LogShaderCompilers: Cannot use XGE Shader Compiler as Incredibuild is not installed on this machine.
[2021.07.15-19.58.47:985][  0]LogShaderCompilers: Display: Using Local Shader Compiler.
[2021.07.15-19.58.48:537][  0]LogDerivedDataCache: Display: Max Cache Size: 512 MB
[2021.07.15-19.58.48:571][  0]LogDerivedDataCache: Loaded boot cache 0.03s 75MB C:/Users/jgodi/AppData/Local/UnrealEngine/4.25/DerivedDataCache/Boot.ddc.
[2021.07.15-19.58.48:571][  0]LogDerivedDataCache: Display: Loaded Boot cache: C:/Users/jgodi/AppData/Local/UnrealEngine/4.25/DerivedDataCache/Boot.ddc
[2021.07.15-19.58.48:572][  0]LogDerivedDataCache: FDerivedDataBackendGraph:  Pak pak cache file ../../../../../../Users/jgodi/OneDrive/Desktop/UnrealGames/ToonTanksProjectSetup_4.25 (1)/ToonTanksProjectSetup_4.25/ToonTanksProjectSetup_4.25/ToonTanks/DerivedDataCache/DDC.ddp not found, will not use a pak cache.
[2021.07.15-19.58.48:572][  0]LogDerivedDataCache: Unable to find inner node Pak for hierarchical cache Hierarchy.
[2021.07.15-19.58.48:572][  0]LogDerivedDataCache: FDerivedDataBackendGraph:  CompressedPak pak cache file ../../../../../../Users/jgodi/OneDrive/Desktop/UnrealGames/ToonTanksProjectSetup_4.25 (1)/ToonTanksProjectSetup_4.25/ToonTanksProjectSetup_4.25/ToonTanks/DerivedDataCache/Compressed.ddp not found, will not use a pak cache.
[2021.07.15-19.58.48:572][  0]LogDerivedDataCache: Unable to find inner node CompressedPak for hierarchical cache Hierarchy.
[2021.07.15-19.58.48:579][  0]LogDerivedDataCache: Display: Pak cache opened for reading ../../../Engine/DerivedDataCache/Compressed.ddp.
[2021.07.15-19.58.48:579][  0]LogDerivedDataCache: FDerivedDataBackendGraph:  EnterprisePak pak cache file ../../../Enterprise/DerivedDataCache/Compressed.ddp not found, will not use a pak cache.
[2021.07.15-19.58.48:579][  0]LogDerivedDataCache: Unable to find inner node EnterprisePak for hierarchical cache Hierarchy.
[2021.07.15-19.58.48:580][  0]LogDerivedDataCache: Using Local data cache path C:/Users/jgodi/AppData/Local/UnrealEngine/Common/DerivedDataCache: Writable
[2021.07.15-19.58.48:580][  0]LogDerivedDataCache: Shared data cache path not found in *engine.ini, will not use an Shared cache.
[2021.07.15-19.58.48:580][  0]LogDerivedDataCache: Unable to find inner node Shared for hierarchical cache Hierarchy.
[2021.07.15-19.58.48:618][  0]LogSlate: Using FreeType 2.10.0
[2021.07.15-19.58.48:618][  0]LogSlate: SlateFontServices - WITH_FREETYPE: 1, WITH_HARFBUZZ: 1
[2021.07.15-19.58.48:635][  0]LogAssetRegistry: FAssetRegistry took 0.0018 seconds to start up
[2021.07.15-19.58.48:795][  0]LogInit: Selected Device Profile: [Windows]
[2021.07.15-19.58.48:876][  0]LogMeshReduction: Using QuadricMeshReduction for automatic static mesh reduction
[2021.07.15-19.58.48:876][  0]LogMeshReduction: Using SimplygonMeshReduction for automatic skeletal mesh reduction
[2021.07.15-19.58.48:876][  0]LogMeshReduction: Using ProxyLODMeshReduction for automatic mesh merging
[2021.07.15-19.58.48:876][  0]LogMeshReduction: No distributed automatic mesh merging module available
[2021.07.15-19.58.48:876][  0]LogMeshMerging: No distributed automatic mesh merging module available
[2021.07.15-19.58.48:887][  0]LogNetVersion: ToonTanks 1.0.0, NetCL: 13144385, EngineNetVer: 14, GameNetVer: 0 (Checksum: 281104731)
[2021.07.15-19.58.49:174][  0]LogAISub: UAISubsystem::UAISubsystem AISubsystem (000002195A734480), frame # 0
[2021.07.15-19.58.49:174][  0]LogAISub: UAISubsystem::UAISubsystem AIPerceptionSystem (000002195A65FC40), frame # 0
[2021.07.15-19.58.49:175][  0]LogAISub: UAISubsystem::UAISubsystem EnvQueryManager (000002195A6C5C00), frame # 0
[2021.07.15-19.58.49:209][  0]LogPackageLocalizationCache: Processed 19 localized package path(s) for 1 prioritized culture(s) in 0.029891 seconds
[2021.07.15-19.58.49:212][  0]LogUObjectArray: 15913 objects as part of root set at end of initial load.
[2021.07.15-19.58.49:212][  0]LogUObjectAllocator: 3964304 out of 0 bytes used by permanent object pool.
[2021.07.15-19.58.49:212][  0]LogUObjectArray: CloseDisregardForGC: 0/0 objects in disregard for GC pool
[2021.07.15-19.58.49:442][  0]LogTcpMessaging: Initializing TcpMessaging bridge
[2021.07.15-19.58.49:445][  0]LogUdpMessaging: Initializing bridge on interface 0.0.0.0:0 to multicast group 230.0.0.1:6666.
[2021.07.15-19.58.49:502][  0]SourceControl: Source control is disabled
[2021.07.15-19.58.49:502][  0]SourceControl: Source control is disabled
[2021.07.15-19.58.49:504][  0]SourceControl: Source control is disabled
[2021.07.15-19.58.49:506][  0]SourceControl: Source control is disabled
[2021.07.15-19.58.49:510][  0]SourceControl: Source control is disabled
[2021.07.15-19.58.49:674][  0]LogAndroidPermission: UAndroidPermissionCallbackProxy::GetInstance
[2021.07.15-19.58.49:687][  0]LogAudioCaptureCore: Display: No Audio Capture implementations found. Audio input will be silent.
[2021.07.15-19.58.49:687][  0]LogAudioCaptureCore: Display: No Audio Capture implementations found. Audio input will be silent.
[2021.07.15-19.58.49:719][  0]LogOcInput: OculusInput pre-init called
[2021.07.15-19.58.49:728][  0]LogWindows: Failed to load 'OVRPlugin.dll' (GetLastError=126)
[2021.07.15-19.58.49:728][  0]LogWindows: File 'OVRPlugin.dll' does not exist
[2021.07.15-19.58.49:770][  0]LogEngine: Initializing Engine...
[2021.07.15-19.58.49:771][  0]LogHMD: Failed to initialize OpenVR with code 110
[2021.07.15-19.58.49:771][  0]LogMagicLeap: Warning: VR disabled because ZI is not enabled.  To enable, in the editor, Edit -> Project Settings -> Plugins -> Magic Leap Plugin -> Enable Zero Iteration
[2021.07.15-19.58.49:772][  0]LogStats: UGameplayTagsManager::InitializeManager -  0.000 s
[2021.07.15-19.58.49:853][  0]LogInit: Initializing FReadOnlyCVARCache
[2021.07.15-19.58.49:858][  0]LogAIModule: Creating AISystem for world Untitled
[2021.07.15-19.58.49:858][  0]LogAISub: UAISubsystem::UAISubsystem EnvQueryManager (0000021960F23C00), frame # 0
[2021.07.15-19.58.49:858][  0]LogAISub: UAISubsystem::UAISubsystem AIPerceptionSystem (0000021960F2BB00), frame # 0
[2021.07.15-19.58.49:870][  0]LogAudioMixer: Display: Audio Mixer Platform Settings:
[2021.07.15-19.58.49:870][  0]LogAudioMixer: Display: 	Sample Rate:						  48000
[2021.07.15-19.58.49:870][  0]LogAudioMixer: Display: 	Callback Buffer Frame Size Requested: 1024
[2021.07.15-19.58.49:870][  0]LogAudioMixer: Display: 	Callback Buffer Frame Size To Use:	  1024
[2021.07.15-19.58.49:870][  0]LogAudioMixer: Display: 	Number of buffers to queue:			  2
[2021.07.15-19.58.49:870][  0]LogAudioMixer: Display: 	Max Channels (voices):				  32
[2021.07.15-19.58.49:870][  0]LogAudioMixer: Display: 	Number of Async Source Workers:		  0
[2021.07.15-19.58.49:870][  0]LogAudio: Display: AudioDevice MaxSources: 32
[2021.07.15-19.58.49:870][  0]LogAudio: Display: Using built-in audio occlusion.
[2021.07.15-19.58.49:870][  0]LogAudioMixer: Display: Initializing audio mixer.
[2021.07.15-19.58.49:878][  0]LogAudioMixer: Display: 0: FrontLeft
[2021.07.15-19.58.49:878][  0]LogAudioMixer: Display: 1: FrontRight
[2021.07.15-19.58.49:924][  0]LogAudioMixer: Display: Using Audio Device VX3276-FHD (NVIDIA High Definition Audio)
[2021.07.15-19.58.49:925][  0]LogAudioMixer: Display: Initializing Sound Submixes...
[2021.07.15-19.58.49:927][  0]LogAudioMixer: Display: Creating Master Submix 'MasterSubmixDefault'
[2021.07.15-19.58.49:927][  0]LogAudioMixer: Display: Creating Master Submix 'MasterReverbSubmixDefault'
[2021.07.15-19.58.49:927][  0]LogAudioMixer: Display: Creating Master Submix 'MasterEQSubmixDefault'
[2021.07.15-19.58.49:928][  0]LogInit: FAudioDevice initialized.
[2021.07.15-19.58.49:928][  0]LogNetVersion: Set ProjectVersion to 1.0.0.0. Version Checksum will be recalculated on next use.
[2021.07.15-19.58.49:961][  0]LogDerivedDataCache: Saved boot cache 0.03s 75MB C:/Users/jgodi/AppData/Local/UnrealEngine/4.25/DerivedDataCache/Boot.ddc.
[2021.07.15-19.58.49:961][  0]LogInit: Texture streaming: Enabled
[2021.07.15-19.58.49:973][  0]LogEngineSessionManager: EngineSessionManager initialized
[2021.07.15-19.58.49:973][  0]LogEditorSessionSummary: Verbose: Initializing EditorSessionSummaryWriter for editor session tracking
[2021.07.15-19.58.49:976][  0]LogEditorSessionSummary: EditorSessionSummaryWriter initialized
[2021.07.15-19.58.50:008][  0]LogInit: Transaction tracking system initialized
[2021.07.15-19.58.50:023][  0]BlueprintLog: New page: Editor Load
[2021.07.15-19.58.50:072][  0]LocalizationService: Localization service is disabled
[2021.07.15-19.58.50:180][  0]LogCook: Display: Max memory allowance for cook 16384mb min free memory 0mb
[2021.07.15-19.58.50:180][  0]LogCook: Display: Mobile HDR setting 1
[2021.07.15-19.58.50:267][  0]LogFileCache: Scanning file cache for directory 'C:/Users/jgodi/OneDrive/Desktop/UnrealGames/ToonTanksProjectSetup_4.25 (1)/ToonTanksProjectSetup_4.25/ToonTanksProjectSetup_4.25/ToonTanks/Content/' took 0.00s
[2021.07.15-19.58.50:389][  0]SourceControl: Source control is disabled
[2021.07.15-19.58.50:389][  0]LogUnrealEdMisc: Loading editor; pre map load, took 4.665
[2021.07.15-19.58.50:389][  0]LightingResults: New page: Lighting Build
[2021.07.15-19.58.50:390][  0]LogWorld: UWorld::CleanupWorld for Untitled, bSessionEnded=true, bCleanupResources=true
[2021.07.15-19.58.50:390][  0]LogSlate: InvalidateAllWidgets triggered.  All widgets were invalidated
[2021.07.15-19.58.50:390][  0]MapCheck: New page: Map Check
[2021.07.15-19.58.50:390][  0]LightingResults: New page: Lighting Build
[2021.07.15-19.58.50:403][  0]LogAISub: UAISubsystem::~UAISubsystem EnvQueryManager (0000021960F23C00), frame # 0
[2021.07.15-19.58.50:403][  0]LogAISub: UAISubsystem::~UAISubsystem AIPerceptionSystem (0000021960F2BB00), frame # 0
[2021.07.15-19.58.50:403][  0]LogUObjectHash: Compacting FUObjectHashTables data took   0.48ms
[2021.07.15-19.58.50:489][  0]LogAIModule: Creating AISystem for world Main
[2021.07.15-19.58.50:489][  0]LogAISub: UAISubsystem::UAISubsystem EnvQueryManager (000002194D8C7A00), frame # 0
[2021.07.15-19.58.50:489][  0]LogAISub: UAISubsystem::UAISubsystem AIPerceptionSystem (0000021961B69D00), frame # 0
[2021.07.15-19.58.50:492][  0]LogEditorServer: Finished looking for orphan Actors (0.000 secs)
[2021.07.15-19.58.50:503][  0]LogUObjectHash: Compacting FUObjectHashTables data took   0.61ms
[2021.07.15-19.58.50:504][  0]Cmd: MAP CHECKDEP NOCLEARLOG
[2021.07.15-19.58.50:504][  0]MapCheck: Map check complete: 0 Error(s), 0 Warning(s), took 0.13ms to complete.
[2021.07.15-19.58.50:504][  0]LogFileHelpers: Loading map 'Main' took 0.114
[2021.07.15-19.58.50:506][  0]LogUnrealEdMisc: Total Editor Startup Time, took 4.781
[2021.07.15-19.58.50:596][  0]LogSlate: Updating window title bar state: overlay mode, drag disabled, window buttons hidden, title bar hidden
[2021.07.15-19.58.50:600][  0]LogSlate: Updating window title bar state: overlay mode, drag disabled, window buttons hidden, title bar hidden
[2021.07.15-19.58.50:605][  0]LogSlate: Updating window title bar state: overlay mode, drag disabled, window buttons hidden, title bar hidden
[2021.07.15-19.58.50:609][  0]LogSlate: Updating window title bar state: overlay mode, drag disabled, window buttons hidden, title bar hidden
[2021.07.15-19.58.50:615][  0]LogCollectionManager: Loaded 0 collections in 0.001362 seconds
[2021.07.15-19.58.50:629][  0]LogFileCache: Scanning file cache for directory 'C:/Users/jgodi/OneDrive/Desktop/UnrealGames/ToonTanksProjectSetup_4.25 (1)/ToonTanksProjectSetup_4.25/ToonTanksProjectSetup_4.25/ToonTanks/Saved/Collections/' took 0.00s
[2021.07.15-19.58.50:629][  0]LogFileCache: Scanning file cache for directory 'C:/Users/jgodi/OneDrive/Desktop/UnrealGames/ToonTanksProjectSetup_4.25 (1)/ToonTanksProjectSetup_4.25/ToonTanksProjectSetup_4.25/ToonTanks/Content/Developers/jgodi/Collections/' took 0.00s
[2021.07.15-19.58.50:629][  0]LogFileCache: Scanning file cache for directory 'C:/Users/jgodi/OneDrive/Desktop/UnrealGames/ToonTanksProjectSetup_4.25 (1)/ToonTanksProjectSetup_4.25/ToonTanksProjectSetup_4.25/ToonTanks/Content/Collections/' took 0.00s
[2021.07.15-19.58.50:629][  0]LogContentBrowser: Native class hierarchy populated in 0.0103 seconds. Added 3431 classes and 825 folders.
[2021.07.15-19.58.50:632][  0]LogContentBrowser: Native class hierarchy updated for 'WidgetCarousel' in 0.0004 seconds. Added 0 classes and 0 folders.
[2021.07.15-19.58.50:678][  0]LogContentBrowser: Native class hierarchy updated for 'AddContentDialog' in 0.0004 seconds. Added 0 classes and 0 folders.
[2021.07.15-19.58.50:682][  0]LogContentBrowser: Native class hierarchy updated for 'SceneOutliner' in 0.0004 seconds. Added 2 classes and 0 folders.
[2021.07.15-19.58.50:724][  0]LogSlate: Took 0.000095 seconds to synchronously load lazily loaded font '../../../Engine/Content/Slate/Fonts/Roboto-Regular.ttf' (155K)
[2021.07.15-19.58.50:725][  0]LogSlate: Took 0.000083 seconds to synchronously load lazily loaded font '../../../Engine/Content/Slate/Fonts/Roboto-Bold.ttf' (160K)
[2021.07.15-19.58.50:728][  0]LogSlate: Took 0.000077 seconds to synchronously load lazily loaded font '../../../Engine/Content/Editor/Slate/Fonts/FontAwesome.ttf' (139K)
[2021.07.15-19.58.50:729][  0]LogSlate: Took 0.000066 seconds to synchronously load lazily loaded font '../../../Engine/Content/Slate/Fonts/DroidSansMono.ttf' (77K)
[2021.07.15-19.58.50:804][  0]LogRenderer: Reallocating scene render targets to support 1208x572 Format 10 NumSamples 1 (Frame:1).
[2021.07.15-19.58.50:890][  0]LogContentBrowser: Native class hierarchy updated for 'HierarchicalLODOutliner' in 0.0004 seconds. Added 0 classes and 0 folders.
[2021.07.15-19.58.50:890][  0]LogLoad: (Engine Initialization) Total time: 5.17 seconds
[2021.07.15-19.58.50:890][  0]LogLoad: (Engine Initialization) Total Blueprint compile time: 0.00 seconds
[2021.07.15-19.58.50:922][  0]LogAssetRegistry: Asset discovery search completed in 2.2878 seconds
[2021.07.15-19.58.50:926][  0]LogCollectionManager: Fixed up redirectors for 0 collections in 0.000002 seconds (updated 0 objects)
[2021.07.15-19.58.50:927][  0]LogContentStreaming: Texture pool size now 1000 MB
[2021.07.15-20.03.19:073][945]Candidate modules for hot reload:
[2021.07.15-20.03.19:073][945]  ToonTanks
[2021.07.15-20.03.19:074][945]Launching UnrealBuildTool... [C:/Program Files/Epic Games/UE_4.25/Engine/Binaries/DotNET/UnrealBuildTool.exe  -ModuleWithSuffix=ToonTanks,3903 ToonTanksEditor Win64 Development -Project="C:/Users/jgodi/OneDrive/Desktop/UnrealGames/ToonTanksProjectSetup_4.25 (1)/ToonTanksProjectSetup_4.25/ToonTanksProjectSetup_4.25/ToonTanks/ToonTanks.uproject" "C:/Users/jgodi/OneDrive/Desktop/UnrealGames/ToonTanksProjectSetup_4.25 (1)/ToonTanksProjectSetup_4.25/ToonTanksProjectSetup_4.25/ToonTanks/ToonTanks.uproject"  -IgnoreJunk]
[2021.07.15-20.03.19:075][945]Warning: Starting HotReload took  0.0s.
[2021.07.15-20.03.20:624][ 12]CompilerResultsLog: New page: Compilation - Jul 15, 2021, 6:03:20 AM
[2021.07.15-20.03.20:624][ 12]CompilerResultsLog: Building ToonTanksEditor...
[2021.07.15-20.03.20:624][ 12]CompilerResultsLog: Using Visual Studio 2019 14.29.30037 toolchain (C:\Program Files (x86)\Microsoft Visual Studio\2019\Community\VC\Tools\MSVC\14.29.30037) and Windows 10.0.16299.0 SDK (C:\Program Files (x86)\Windows Kits\10).
[2021.07.15-20.03.20:624][ 12]CompilerResultsLog: Building 4 actions with 20 processes...
[2021.07.15-20.03.20:624][ 12]CompilerResultsLog:   [1/4] PawnBase.cpp
[2021.07.15-20.03.20:624][ 12]CompilerResultsLog:   [2/4] UE4Editor-ToonTanks-3903.lib
[2021.07.15-20.03.20:624][ 12]CompilerResultsLog:      Creating library C:\Users\jgodi\OneDrive\Desktop\UnrealGames\ToonTanksProjectSetup_4.25 (1)\ToonTanksProjectSetup_4.25\ToonTanksProjectSetup_4.25\ToonTanks\Intermediate\Build\Win64\UE4Editor\Development\ToonTanks\UE4Editor-ToonTanks-3903.lib and object C:\Users\jgodi\OneDrive\Desktop\UnrealGames\ToonTanksProjectSetup_4.25 (1)\ToonTanksProjectSetup_4.25\ToonTanksProjectSetup_4.25\ToonTanks\Intermediate\Build\Win64\UE4Editor\Development\ToonTanks\UE4Editor-ToonTanks-3903.exp
[2021.07.15-20.03.20:624][ 12]CompilerResultsLog:   [3/4] UE4Editor-ToonTanks-3903.dll
[2021.07.15-20.03.20:625][ 12]CompilerResultsLog:      Creating library C:\Users\jgodi\OneDrive\Desktop\UnrealGames\ToonTanksProjectSetup_4.25 (1)\ToonTanksProjectSetup_4.25\ToonTanksProjectSetup_4.25\ToonTanks\Intermediate\Build\Win64\UE4Editor\Development\ToonTanks\UE4Editor-ToonTanks-3903.suppressed.lib and object C:\Users\jgodi\OneDrive\Desktop\UnrealGames\ToonTanksProjectSetup_4.25 (1)\ToonTanksProjectSetup_4.25\ToonTanksProjectSetup_4.25\ToonTanks\Intermediate\Build\Win64\UE4Editor\Development\ToonTanks\UE4Editor-ToonTanks-3903.suppressed.exp
[2021.07.15-20.03.20:625][ 12]CompilerResultsLog:   [4/4] ToonTanksEditor.target
[2021.07.15-20.03.20:625][ 12]CompilerResultsLog: Total time in Parallel executor: 1.06 seconds
[2021.07.15-20.03.20:625][ 12]CompilerResultsLog: Total execution time: 1.48 seconds
[2021.07.15-20.03.20:625][ 12]LogMainFrame: MainFrame: Module compiling took 1.553 seconds
[2021.07.15-20.03.22:470][ 12]LogContentBrowser: Native class hierarchy updated for 'ToonTanks' in 0.0005 seconds. Added 4 classes and 4 folders.
[2021.07.15-20.03.22:470][ 12]Display: HotReload successful (0 functions remapped  0 scriptstructs remapped)
[2021.07.15-20.03.22:501][ 12]LogContentBrowser: Native class hierarchy populated in 0.0063 seconds. Added 3431 classes and 825 folders.
[2021.07.15-20.03.22:501][ 12]Display: HotReload took  3.4s.
[2021.07.15-20.03.26:041][319]LogTemp: Repeating last play command: Selected Viewport
[2021.07.15-20.03.26:051][319]LogPlayLevel: PlayLevel: No blueprints needed recompiling
[2021.07.15-20.03.26:051][319]PIE: New page: PIE session: Main (Jul 15, 2021, 6:03:26 AM)
[2021.07.15-20.03.26:052][319]LogOnline: OSS: Creating online subsystem instance for: NULL
[2021.07.15-20.03.26:053][319]LogOnline: OSS: TryLoadSubsystemAndSetDefault: Loaded subsystem for module [NULL]
[2021.07.15-20.03.26:053][319]LogPlayLevel: Creating play world package: /Game/Maps/UEDPIE_0_Main
[2021.07.15-20.03.26:055][319]LogPlayLevel: PIE: StaticDuplicateObject took: (0.002219s)
[2021.07.15-20.03.26:056][319]LogAIModule: Creating AISystem for world Main
[2021.07.15-20.03.26:056][319]LogAISub: UAISubsystem::UAISubsystem EnvQueryManager (0000021901D70A00), frame # 1319
[2021.07.15-20.03.26:056][319]LogAISub: UAISubsystem::UAISubsystem AIPerceptionSystem (0000021974E23100), frame # 1319
[2021.07.15-20.03.26:056][319]LogPlayLevel: PIE: World Init took: (0.000751s)
[2021.07.15-20.03.26:056][319]LogPlayLevel: PIE: Created PIE world by copying editor world from /Game/Maps/Main.Main to /Game/Maps/UEDPIE_0_Main.Main (0.003052s)
[2021.07.15-20.03.26:066][319]LogUObjectHash: Compacting FUObjectHashTables data took   0.48ms
[2021.07.15-20.03.26:067][319]LogAudioMixer: Display: Audio Mixer Platform Settings:
[2021.07.15-20.03.26:067][319]LogAudioMixer: Display: 	Sample Rate:						  48000
[2021.07.15-20.03.26:067][319]LogAudioMixer: Display: 	Callback Buffer Frame Size Requested: 1024
[2021.07.15-20.03.26:067][319]LogAudioMixer: Display: 	Callback Buffer Frame Size To Use:	  1024
[2021.07.15-20.03.26:067][319]LogAudioMixer: Display: 	Number of buffers to queue:			  2
[2021.07.15-20.03.26:067][319]LogAudioMixer: Display: 	Max Channels (voices):				  32
[2021.07.15-20.03.26:067][319]LogAudioMixer: Display: 	Number of Async Source Workers:		  0
[2021.07.15-20.03.26:067][319]LogAudio: Display: AudioDevice MaxSources: 32
[2021.07.15-20.03.26:068][319]LogAudio: Display: Using built-in audio occlusion.
[2021.07.15-20.03.26:068][319]LogAudioMixer: Display: Initializing audio mixer.
[2021.07.15-20.03.26:070][319]LogAudioMixer: Display: 0: FrontLeft
[2021.07.15-20.03.26:070][319]LogAudioMixer: Display: 1: FrontRight
[2021.07.15-20.03.26:080][319]LogAudioMixer: Display: Using Audio Device VX3276-FHD (NVIDIA High Definition Audio)
[2021.07.15-20.03.26:080][319]LogAudioMixer: Display: Initializing Sound Submixes...
[2021.07.15-20.03.26:080][319]LogAudioMixer: Display: Creating Master Submix 'MasterSubmixDefault'
[2021.07.15-20.03.26:080][319]LogAudioMixer: Display: Creating Master Submix 'MasterReverbSubmixDefault'
[2021.07.15-20.03.26:080][319]LogAudioMixer: Display: Creating Master Submix 'MasterEQSubmixDefault'
[2021.07.15-20.03.26:089][319]LogInit: FAudioDevice initialized.
[2021.07.15-20.03.26:094][319]LogLoad: Game class is 'GameModeBase'
[2021.07.15-20.03.26:096][319]LogWorld: Bringing World /Game/Maps/UEDPIE_0_Main.Main up for play (max tick rate 0) at 2021.07.15-13.03.26
[2021.07.15-20.03.26:096][319]LogWorld: Bringing up level for play took: 0.000855
[2021.07.15-20.03.26:096][319]LogOnline: OSS: Creating online subsystem instance for: :Context_1
[2021.07.15-20.03.26:121][319]LogContentBrowser: Native class hierarchy updated for 'MovieSceneCapture' in 0.0004 seconds. Added 20 classes and 0 folders.
[2021.07.15-20.03.26:122][319]PIE: Server logged in
[2021.07.15-20.03.26:123][319]PIE: Play in editor total start time 0.075 seconds.
[2021.07.15-20.03.38:763][831]LogSlate: Updating window title bar state: overlay mode, drag disabled, window buttons hidden, title bar hidden
[2021.07.15-20.03.38:763][831]LogWorld: BeginTearingDown for /Game/Maps/UEDPIE_0_Main
[2021.07.15-20.03.38:764][831]LogWorld: UWorld::CleanupWorld for Main, bSessionEnded=true, bCleanupResources=true
[2021.07.15-20.03.38:764][831]LogSlate: InvalidateAllWidgets triggered.  All widgets were invalidated
[2021.07.15-20.03.38:773][831]LogPlayLevel: Display: Shutting down PIE online subsystems
[2021.07.15-20.03.38:775][831]LogSlate: InvalidateAllWidgets triggered.  All widgets were invalidated
[2021.07.15-20.03.38:794][831]LogSlate: Updating window title bar state: overlay mode, drag disabled, window buttons hidden, title bar hidden
[2021.07.15-20.03.38:794][831]LogAISub: UAISubsystem::~UAISubsystem EnvQueryManager (0000021901D70A00), frame # 2831
[2021.07.15-20.03.38:794][831]LogAISub: UAISubsystem::~UAISubsystem AIPerceptionSystem (0000021974E23100), frame # 2831
[2021.07.15-20.03.38:795][831]LogUObjectHash: Compacting FUObjectHashTables data took   0.57ms
[2021.07.15-20.03.38:845][834]LogPlayLevel: Display: Destroying online subsystem :Context_1
[2021.07.15-20.08.54:400][698]LogSlate: Took 0.000222 seconds to synchronously load lazily loaded font '../../../Engine/Content/Slate/Fonts/Roboto-Light.ttf' (167K)
[2021.07.15-20.09.47:933][ 38]LogTemp: Repeating last play command: Selected Viewport
[2021.07.15-20.09.47:942][ 38]LogPlayLevel: PlayLevel: No blueprints needed recompiling
[2021.07.15-20.09.47:942][ 38]PIE: New page: PIE session: Main (Jul 15, 2021, 6:09:47 AM)
[2021.07.15-20.09.47:973][ 38]LogPlayLevel: Creating play world package: /Game/Maps/UEDPIE_0_Main
[2021.07.15-20.09.47:975][ 38]LogPlayLevel: PIE: StaticDuplicateObject took: (0.002345s)
[2021.07.15-20.09.47:975][ 38]LogAIModule: Creating AISystem for world Main
[2021.07.15-20.09.47:975][ 38]LogAISub: UAISubsystem::UAISubsystem EnvQueryManager (0000021977C84A00), frame # 47038
[2021.07.15-20.09.47:975][ 38]LogAISub: UAISubsystem::UAISubsystem AIPerceptionSystem (00000219784E1E40), frame # 47038
[2021.07.15-20.09.47:975][ 38]LogPlayLevel: PIE: World Init took: (0.000824s)
[2021.07.15-20.09.47:975][ 38]LogPlayLevel: PIE: Created PIE world by copying editor world from /Game/Maps/Main.Main to /Game/Maps/UEDPIE_0_Main.Main (0.003268s)
[2021.07.15-20.09.47:984][ 38]LogUObjectHash: Compacting FUObjectHashTables data took   0.48ms
[2021.07.15-20.09.47:985][ 38]LogAudioMixer: Display: Audio Mixer Platform Settings:
[2021.07.15-20.09.47:985][ 38]LogAudioMixer: Display: 	Sample Rate:						  48000
[2021.07.15-20.09.47:985][ 38]LogAudioMixer: Display: 	Callback Buffer Frame Size Requested: 1024
[2021.07.15-20.09.47:985][ 38]LogAudioMixer: Display: 	Callback Buffer Frame Size To Use:	  1024
[2021.07.15-20.09.47:985][ 38]LogAudioMixer: Display: 	Number of buffers to queue:			  2
[2021.07.15-20.09.47:985][ 38]LogAudioMixer: Display: 	Max Channels (voices):				  32
[2021.07.15-20.09.47:985][ 38]LogAudioMixer: Display: 	Number of Async Source Workers:		  0
[2021.07.15-20.09.47:985][ 38]LogAudio: Display: AudioDevice MaxSources: 32
[2021.07.15-20.09.47:985][ 38]LogAudio: Display: Using built-in audio occlusion.
[2021.07.15-20.09.47:985][ 38]LogAudioMixer: Display: Initializing audio mixer.
[2021.07.15-20.09.47:988][ 38]LogAudioMixer: Display: 0: FrontLeft
[2021.07.15-20.09.47:988][ 38]LogAudioMixer: Display: 1: FrontRight
[2021.07.15-20.09.47:997][ 38]LogAudioMixer: Display: Using Audio Device VX3276-FHD (NVIDIA High Definition Audio)
[2021.07.15-20.09.47:997][ 38]LogAudioMixer: Display: Initializing Sound Submixes...
[2021.07.15-20.09.47:997][ 38]LogAudioMixer: Display: Creating Master Submix 'MasterSubmixDefault'
[2021.07.15-20.09.47:997][ 38]LogAudioMixer: Display: Creating Master Submix 'MasterReverbSubmixDefault'
[2021.07.15-20.09.47:998][ 38]LogAudioMixer: Display: Creating Master Submix 'MasterEQSubmixDefault'
[2021.07.15-20.09.48:007][ 38]LogInit: FAudioDevice initialized.
[2021.07.15-20.09.48:013][ 38]LogLoad: Game class is 'GameModeBase'
[2021.07.15-20.09.48:014][ 38]LogWorld: Bringing World /Game/Maps/UEDPIE_0_Main.Main up for play (max tick rate 0) at 2021.07.15-13.09.48
[2021.07.15-20.09.48:014][ 38]LogWorld: Bringing up level for play took: 0.000841
[2021.07.15-20.09.48:014][ 38]LogOnline: OSS: Creating online subsystem instance for: :Context_2
[2021.07.15-20.09.48:015][ 38]PIE: Server logged in
[2021.07.15-20.09.48:016][ 38]PIE: Play in editor total start time 0.075 seconds.
[2021.07.15-20.09.55:941][986]LogPhysics: Warning: UWorld::FindTeleportSpot called with an actor that is intersecting geometry. Failed to find new location likely due to movement component's 'UpdatedComponent' not being a collider component.
[2021.07.15-20.09.55:941][986]LogSpawn: Warning: SpawnActor failed because of collision at the spawn location [X=1025.486 Y=-56.407 Z=127.169] for [BP_ProjectileBase_C]
[2021.07.15-20.09.57:050][986]LogWindows: Error: === Critical error: ===
[2021.07.15-20.09.57:050][986]LogWindows: Error: 
[2021.07.15-20.09.57:050][986]LogWindows: Error: Fatal error!
[2021.07.15-20.09.57:050][986]LogWindows: Error: 
[2021.07.15-20.09.57:050][986]LogWindows: Error: Unhandled Exception: EXCEPTION_ACCESS_VIOLATION reading address 0x00000000
[2021.07.15-20.09.57:050][986]LogWindows: Error: 
[2021.07.15-20.09.57:050][986]LogWindows: Error: [Callstack] 0x00007ffa4f0d29fd UE4Editor-ToonTanks-3903.dll!APawnBase::Fire() [C:\Users\jgodi\OneDrive\Desktop\UnrealGames\ToonTanksProjectSetup_4.25 (1)\ToonTanksProjectSetup_4.25\ToonTanksProjectSetup_4.25\ToonTanks\Source\ToonTanks\Pawns\PawnBase.cpp:48]
[2021.07.15-20.09.57:050][986]LogWindows: Error: [Callstack] 0x00007ff9dc7021cb UE4Editor-Engine.dll!UnknownFunction []
[2021.07.15-20.09.57:050][986]LogWindows: Error: [Callstack] 0x00007ff9dc75bf39 UE4Editor-Engine.dll!UnknownFunction []
[2021.07.15-20.09.57:050][986]LogWindows: Error: [Callstack] 0x00007ff9dbe78e94 UE4Editor-Engine.dll!UnknownFunction []
[2021.07.15-20.09.57:050][986]LogWindows: Error: [Callstack] 0x00007ff9d9f2af57 UE4Editor-UnrealEd.dll!UnknownFunction []
[2021.07.15-20.09.57:050][986]LogWindows: Error: [Callstack] 0x00007ff9da8037e6 UE4Editor-UnrealEd.dll!UnknownFunction []
[2021.07.15-20.09.57:050][986]LogWindows: Error: [Callstack] 0x00007ff6b81a7800 UE4Editor.exe!UnknownFunction []
[2021.07.15-20.09.57:050][986]LogWindows: Error: [Callstack] 0x00007ff6b81bba7c UE4Editor.exe!UnknownFunction []
[2021.07.15-20.09.57:050][986]LogWindows: Error: [Callstack] 0x00007ff6b81bbb5a UE4Editor.exe!UnknownFunction []
[2021.07.15-20.09.57:050][986]LogWindows: Error: [Callstack] 0x00007ff6b81ce31d UE4Editor.exe!UnknownFunction []
[2021.07.15-20.09.57:050][986]LogWindows: Error: [Callstack] 0x00007ff6b81d145a UE4Editor.exe!UnknownFunction []
[2021.07.15-20.09.57:050][986]LogWindows: Error: [Callstack] 0x00007ffa59587034 KERNEL32.DLL!UnknownFunction []
[2021.07.15-20.09.57:050][986]LogWindows: Error: [Callstack] 0x00007ffa5b422651 ntdll.dll!UnknownFunction []
[2021.07.15-20.09.57:050][986]LogWindows: Error: 
[2021.07.15-20.09.57:056][986]LogExit: Executing StaticShutdownAfterError
[2021.07.15-20.09.57:058][986]LogWindows: FPlatformMisc::RequestExit(1)
[2021.07.15-20.09.57:058][986]LogCore: Engine exit requested (reason: Win RequestExit)
[2021.07.15-20.09.57:062][986]Log file closed, 07/15/21 13:09:57
